{"meta": {"format": 3, "version": "7.13.1", "timestamp": "2026-01-07T19:45:43.933951", "branch_coverage": false, "show_contexts": false}, "files": {"forge/__init__.py": {"executed_lines": [8, 9, 10, 15, 17, 18, 19, 20, 29, 30, 31, 34], "summary": {"covered_lines": 12, "num_statements": 14, "percent_covered": 85.71428571428571, "percent_covered_display": "86", "missing_lines": 2, "excluded_lines": 0, "percent_statements_covered": 85.71428571428571, "percent_statements_covered_display": "86"}, "missing_lines": [11, 13], "excluded_lines": [], "functions": {"": {"executed_lines": [8, 9, 10, 15, 17, 18, 19, 20, 29, 30, 31, 34], "summary": {"covered_lines": 12, "num_statements": 14, "percent_covered": 85.71428571428571, "percent_covered_display": "86", "missing_lines": 2, "excluded_lines": 0, "percent_statements_covered": 85.71428571428571, "percent_statements_covered_display": "86"}, "missing_lines": [11, 13], "excluded_lines": [], "start_line": 1}}, "classes": {"": {"executed_lines": [8, 9, 10, 15, 17, 18, 19, 20, 29, 30, 31, 34], "summary": {"covered_lines": 12, "num_statements": 14, "percent_covered": 85.71428571428571, "percent_covered_display": "86", "missing_lines": 2, "excluded_lines": 0, "percent_statements_covered": 85.71428571428571, "percent_statements_covered_display": "86"}, "missing_lines": [11, 13], "excluded_lines": [], "start_line": 1}}}, "forge/agents/__init__.py": {"executed_lines": [6, 7, 10], "summary": {"covered_lines": 3, "num_statements": 3, "percent_covered": 100.0, "percent_covered_display": "100", "missing_lines": 0, "excluded_lines": 0, "percent_statements_covered": 100.0, "percent_statements_covered_display": "100"}, "missing_lines": [], "excluded_lines": [], "functions": {"": {"executed_lines": [6, 7, 10], "summary": {"covered_lines": 3, "num_statements": 3, "percent_covered": 100.0, "percent_covered_display": "100", "missing_lines": 0, "excluded_lines": 0, "percent_statements_covered": 100.0, "percent_statements_covered_display": "100"}, "missing_lines": [], "excluded_lines": [], "start_line": 1}}, "classes": {"": {"executed_lines": [6, 7, 10], "summary": {"covered_lines": 3, "num_statements": 3, "percent_covered": 100.0, "percent_covered_display": "100", "missing_lines": 0, "excluded_lines": 0, "percent_statements_covered": 100.0, "percent_statements_covered_display": "100"}, "missing_lines": [], "excluded_lines": [], "start_line": 1}}}, "forge/agents/dispatcher.py": {"executed_lines": [14, 15, 16, 17, 18, 19, 22, 25, 28, 29, 30, 31, 32, 35, 36, 39, 40, 41, 42, 43, 44, 45, 47, 48, 49, 52, 53, 56, 57, 58, 59, 60, 61, 62, 63, 64, 65, 68, 75, 81, 82, 83, 85, 108, 116, 118, 120, 122, 137, 138, 139, 142, 143, 145, 147, 149, 150, 151, 152, 159, 160, 162, 170, 172, 175, 177, 179, 181, 182, 184, 192, 194, 197, 199, 201, 210, 212, 226, 228, 229, 231, 232, 234, 236, 248, 249, 250, 252, 253, 255, 256, 258, 261, 262, 264, 266, 275, 283, 289, 291, 292, 293, 294, 295, 298, 301, 302, 303, 307, 317, 319, 320, 324, 335, 337, 338, 340, 343, 352, 353, 354], "summary": {"covered_lines": 121, "num_statements": 121, "percent_covered": 100.0, "percent_covered_display": "100", "missing_lines": 0, "excluded_lines": 0, "percent_statements_covered": 100.0, "percent_statements_covered_display": "100"}, "missing_lines": [], "excluded_lines": [], "functions": {"TaskResult.__post_init__": {"executed_lines": [48, 49], "summary": {"covered_lines": 2, "num_statements": 2, "percent_covered": 100.0, "percent_covered_display": "100", "missing_lines": 0, "excluded_lines": 0, "percent_statements_covered": 100.0, "percent_statements_covered_display": "100"}, "missing_lines": [], "excluded_lines": [], "start_line": 47}, "TaskDispatcher.__init__": {"executed_lines": [81, 82, 83], "summary": {"covered_lines": 3, "num_statements": 3, "percent_covered": 100.0, "percent_covered_display": "100", "missing_lines": 0, "excluded_lines": 0, "percent_statements_covered": 100.0, "percent_statements_covered_display": "100"}, "missing_lines": [], "excluded_lines": [], "start_line": 75}, "TaskDispatcher.dispatch": {"executed_lines": [108, 116, 118, 120], "summary": {"covered_lines": 4, "num_statements": 4, "percent_covered": 100.0, "percent_covered_display": "100", "missing_lines": 0, "excluded_lines": 0, "percent_statements_covered": 100.0, "percent_statements_covered_display": "100"}, "missing_lines": [], "excluded_lines": [], "start_line": 85}, "TaskDispatcher.execute": {"executed_lines": [137, 138, 139, 142, 143, 145, 147, 149, 150, 151, 152, 159, 160, 162, 170, 172, 175, 177, 179, 181, 182, 184, 192, 194, 197, 199], "summary": {"covered_lines": 26, "num_statements": 26, "percent_covered": 100.0, "percent_covered_display": "100", "missing_lines": 0, "excluded_lines": 0, "percent_statements_covered": 100.0, "percent_statements_covered_display": "100"}, "missing_lines": [], "excluded_lines": [], "start_line": 122}, "TaskDispatcher.get_task": {"executed_lines": [210], "summary": {"covered_lines": 1, "num_statements": 1, "percent_covered": 100.0, "percent_covered_display": "100", "missing_lines": 0, "excluded_lines": 0, "percent_statements_covered": 100.0, "percent_statements_covered_display": "100"}, "missing_lines": [], "excluded_lines": [], "start_line": 201}, "TaskDispatcher.list_tasks": {"executed_lines": [226, 228, 229, 231, 232, 234], "summary": {"covered_lines": 6, "num_statements": 6, "percent_covered": 100.0, "percent_covered_display": "100", "missing_lines": 0, "excluded_lines": 0, "percent_statements_covered": 100.0, "percent_statements_covered_display": "100"}, "missing_lines": [], "excluded_lines": [], "start_line": 212}, "TaskDispatcher.cancel_task": {"executed_lines": [248, 249, 250, 252, 253, 255, 256, 258, 261, 262, 264], "summary": {"covered_lines": 11, "num_statements": 11, "percent_covered": 100.0, "percent_covered_display": "100", "missing_lines": 0, "excluded_lines": 0, "percent_statements_covered": 100.0, "percent_statements_covered_display": "100"}, "missing_lines": [], "excluded_lines": [], "start_line": 236}, "TaskDispatcher.get_agent_workload": {"executed_lines": [275], "summary": {"covered_lines": 1, "num_statements": 1, "percent_covered": 100.0, "percent_covered_display": "100", "missing_lines": 0, "excluded_lines": 0, "percent_statements_covered": 100.0, "percent_statements_covered_display": "100"}, "missing_lines": [], "excluded_lines": [], "start_line": 266}, "TaskDispatcher.get_task_stats": {"executed_lines": [289, 291, 292, 293, 294, 295, 298, 301, 302, 303, 307], "summary": {"covered_lines": 11, "num_statements": 11, "percent_covered": 100.0, "percent_covered_display": "100", "missing_lines": 0, "excluded_lines": 0, "percent_statements_covered": 100.0, "percent_statements_covered_display": "100"}, "missing_lines": [], "excluded_lines": [], "start_line": 283}, "TaskDispatcher.clear_history": {"executed_lines": [319, 320], "summary": {"covered_lines": 2, "num_statements": 2, "percent_covered": 100.0, "percent_covered_display": "100", "missing_lines": 0, "excluded_lines": 0, "percent_statements_covered": 100.0, "percent_statements_covered_display": "100"}, "missing_lines": [], "excluded_lines": [], "start_line": 317}, "dispatch_task": {"executed_lines": [335, 337, 338, 340], "summary": {"covered_lines": 4, "num_statements": 4, "percent_covered": 100.0, "percent_covered_display": "100", "missing_lines": 0, "excluded_lines": 0, "percent_statements_covered": 100.0, "percent_statements_covered_display": "100"}, "missing_lines": [], "excluded_lines": [], "start_line": 324}, "get_task_status": {"executed_lines": [352, 353, 354], "summary": {"covered_lines": 3, "num_statements": 3, "percent_covered": 100.0, "percent_covered_display": "100", "missing_lines": 0, "excluded_lines": 0, "percent_statements_covered": 100.0, "percent_statements_covered_display": "100"}, "missing_lines": [], "excluded_lines": [], "start_line": 343}, "": {"executed_lines": [14, 15, 16, 17, 18, 19, 22, 25, 28, 29, 30, 31, 32, 35, 36, 39, 40, 41, 42, 43, 44, 45, 47, 52, 53, 56, 57, 58, 59, 60, 61, 62, 63, 64, 65, 68, 75, 85, 122, 201, 212, 236, 266, 283, 317, 324, 343], "summary": {"covered_lines": 47, "num_statements": 47, "percent_covered": 100.0, "percent_covered_display": "100", "missing_lines": 0, "excluded_lines": 0, "percent_statements_covered": 100.0, "percent_statements_covered_display": "100"}, "missing_lines": [], "excluded_lines": [], "start_line": 1}}, "classes": {"TaskStatus": {"executed_lines": [], "summary": {"covered_lines": 0, "num_statements": 0, "percent_covered": 100.0, "percent_covered_display": "100", "missing_lines": 0, "excluded_lines": 0, "percent_statements_covered": 100.0, "percent_statements_covered_display": "100"}, "missing_lines": [], "excluded_lines": [], "start_line": 25}, "TaskResult": {"executed_lines": [48, 49], "summary": {"covered_lines": 2, "num_statements": 2, "percent_covered": 100.0, "percent_covered_display": "100", "missing_lines": 0, "excluded_lines": 0, "percent_statements_covered": 100.0, "percent_statements_covered_display": "100"}, "missing_lines": [], "excluded_lines": [], "start_line": 36}, "DispatchedTask": {"executed_lines": [], "summary": {"covered_lines": 0, "num_statements": 0, "percent_covered": 100.0, "percent_covered_display": "100", "missing_lines": 0, "excluded_lines": 0, "percent_statements_covered": 100.0, "percent_statements_covered_display": "100"}, "missing_lines": [], "excluded_lines": [], "start_line": 53}, "TaskDispatcher": {"executed_lines": [81, 82, 83, 108, 116, 118, 120, 137, 138, 139, 142, 143, 145, 147, 149, 150, 151, 152, 159, 160, 162, 170, 172, 175, 177, 179, 181, 182, 184, 192, 194, 197, 199, 210, 226, 228, 229, 231, 232, 234, 248, 249, 250, 252, 253, 255, 256, 258, 261, 262, 264, 275, 289, 291, 292, 293, 294, 295, 298, 301, 302, 303, 307, 319, 320], "summary": {"covered_lines": 65, "num_statements": 65, "percent_covered": 100.0, "percent_covered_display": "100", "missing_lines": 0, "excluded_lines": 0, "percent_statements_covered": 100.0, "percent_statements_covered_display": "100"}, "missing_lines": [], "excluded_lines": [], "start_line": 68}, "": {"executed_lines": [14, 15, 16, 17, 18, 19, 22, 25, 28, 29, 30, 31, 32, 35, 36, 39, 40, 41, 42, 43, 44, 45, 47, 52, 53, 56, 57, 58, 59, 60, 61, 62, 63, 64, 65, 68, 75, 85, 122, 201, 212, 236, 266, 283, 317, 324, 335, 337, 338, 340, 343, 352, 353, 354], "summary": {"covered_lines": 54, "num_statements": 54, "percent_covered": 100.0, "percent_covered_display": "100", "missing_lines": 0, "excluded_lines": 0, "percent_statements_covered": 100.0, "percent_statements_covered_display": "100"}, "missing_lines": [], "excluded_lines": [], "start_line": 1}}}, "forge/agents/orchestrator.py": {"executed_lines": [9, 10, 11, 12, 13, 14, 15, 16, 19, 22, 25, 26, 27, 28, 29, 30, 33, 36, 37, 38, 39, 40, 43, 44, 47, 48, 49, 50, 51, 52, 55, 56, 59, 60, 61, 62, 63, 64, 65, 66, 67, 68, 69, 70, 71, 73, 85, 92, 98, 99, 100, 101, 102, 103, 104, 107, 108, 109, 110, 113, 114, 116, 122, 124, 125, 126, 128, 129, 130, 131, 139, 148, 150, 152, 153, 154, 155, 157, 158, 172, 173, 174, 177, 178, 211, 224, 225, 228, 232, 235, 239, 242, 243, 246, 250, 253, 257, 260, 261, 264, 265, 266, 267, 270, 273, 275, 293, 295, 303, 304, 306, 310, 312, 324, 325, 328, 332, 334, 343, 345, 346, 348, 350, 360, 361, 362, 363, 364, 366, 379, 381, 383, 431, 478, 510, 546, 564, 573, 598, 616, 627, 639, 692, 701, 702, 703, 704, 705], "summary": {"covered_lines": 148, "num_statements": 257, "percent_covered": 57.5875486381323, "percent_covered_display": "58", "missing_lines": 109, "excluded_lines": 0, "percent_statements_covered": 57.5875486381323, "percent_statements_covered_display": "58"}, "missing_lines": [82, 132, 133, 134, 135, 136, 137, 166, 167, 170, 326, 394, 395, 397, 398, 400, 402, 407, 408, 411, 413, 414, 415, 417, 420, 421, 423, 425, 426, 427, 428, 429, 442, 443, 444, 445, 446, 447, 448, 451, 453, 454, 456, 457, 459, 462, 468, 469, 470, 471, 472, 474, 476, 498, 505, 506, 508, 521, 522, 524, 525, 526, 528, 529, 532, 533, 536, 537, 538, 539, 541, 542, 544, 552, 553, 554, 555, 557, 559, 560, 561, 562, 571, 581, 592, 595, 596, 607, 608, 610, 612, 613, 614, 618, 619, 621, 622, 623, 624, 625, 636, 637, 651, 653, 655, 684, 685, 686, 688], "excluded_lines": [], "functions": {"Task.can_start": {"executed_lines": [], "summary": {"covered_lines": 0, "num_statements": 1, "percent_covered": 0.0, "percent_covered_display": "0", "missing_lines": 1, "excluded_lines": 0, "percent_statements_covered": 0.0, "percent_statements_covered_display": "0"}, "missing_lines": [82], "excluded_lines": [], "start_line": 73}, "AgentOrchestrator.__init__": {"executed_lines": [98, 99, 100, 101, 102, 103, 104, 107, 108, 109, 110, 113, 114], "summary": {"covered_lines": 13, "num_statements": 13, "percent_covered": 100.0, "percent_covered_display": "100", "missing_lines": 0, "excluded_lines": 0, "percent_statements_covered": 100.0, "percent_statements_covered_display": "100"}, "missing_lines": [], "excluded_lines": [], "start_line": 92}, "AgentOrchestrator._load_config": {"executed_lines": [122, 124, 125, 126, 128, 129, 130, 131], "summary": {"covered_lines": 8, "num_statements": 14, "percent_covered": 57.142857142857146, "percent_covered_display": "57", "missing_lines": 6, "excluded_lines": 0, "percent_statements_covered": 57.142857142857146, "percent_statements_covered_display": "57"}, "missing_lines": [132, 133, 134, 135, 136, 137], "excluded_lines": [], "start_line": 116}, "AgentOrchestrator._load_available_agents": {"executed_lines": [148, 150, 152, 153, 154, 155, 157, 158, 172, 173, 174, 177, 178], "summary": {"covered_lines": 13, "num_statements": 16, "percent_covered": 81.25, "percent_covered_display": "81", "missing_lines": 3, "excluded_lines": 0, "percent_statements_covered": 81.25, "percent_statements_covered_display": "81"}, "missing_lines": [166, 167, 170], "excluded_lines": [], "start_line": 139}, "AgentOrchestrator.assign_agent": {"executed_lines": [224, 225, 228, 232, 235, 239, 242, 243, 246, 250, 253, 257, 260, 261, 264, 265, 266, 267, 270, 273], "summary": {"covered_lines": 20, "num_statements": 20, "percent_covered": 100.0, "percent_covered_display": "100", "missing_lines": 0, "excluded_lines": 0, "percent_statements_covered": 100.0, "percent_statements_covered_display": "100"}, "missing_lines": [], "excluded_lines": [], "start_line": 211}, "AgentOrchestrator.create_task": {"executed_lines": [293, 295, 303, 304, 306, 310], "summary": {"covered_lines": 6, "num_statements": 6, "percent_covered": 100.0, "percent_covered_display": "100", "missing_lines": 0, "excluded_lines": 0, "percent_statements_covered": 100.0, "percent_statements_covered_display": "100"}, "missing_lines": [], "excluded_lines": [], "start_line": 275}, "AgentOrchestrator.get_agent_context": {"executed_lines": [324, 325, 328, 332], "summary": {"covered_lines": 4, "num_statements": 5, "percent_covered": 80.0, "percent_covered_display": "80", "missing_lines": 1, "excluded_lines": 0, "percent_statements_covered": 80.0, "percent_statements_covered_display": "80"}, "missing_lines": [326], "excluded_lines": [], "start_line": 312}, "AgentOrchestrator.list_tasks": {"executed_lines": [343, 345, 346, 348], "summary": {"covered_lines": 4, "num_statements": 4, "percent_covered": 100.0, "percent_covered_display": "100", "missing_lines": 0, "excluded_lines": 0, "percent_statements_covered": 100.0, "percent_statements_covered_display": "100"}, "missing_lines": [], "excluded_lines": [], "start_line": 334}, "AgentOrchestrator.update_task_status": {"executed_lines": [360, 361, 362, 363, 364], "summary": {"covered_lines": 5, "num_statements": 5, "percent_covered": 100.0, "percent_covered_display": "100", "missing_lines": 0, "excluded_lines": 0, "percent_statements_covered": 100.0, "percent_statements_covered_display": "100"}, "missing_lines": [], "excluded_lines": [], "start_line": 350}, "AgentOrchestrator.get_recommended_agent": {"executed_lines": [379, 381], "summary": {"covered_lines": 2, "num_statements": 2, "percent_covered": 100.0, "percent_covered_display": "100", "missing_lines": 0, "excluded_lines": 0, "percent_statements_covered": 100.0, "percent_statements_covered_display": "100"}, "missing_lines": [], "excluded_lines": [], "start_line": 366}, "AgentOrchestrator.execute_task_async": {"executed_lines": [], "summary": {"covered_lines": 0, "num_statements": 21, "percent_covered": 0.0, "percent_covered_display": "0", "missing_lines": 21, "excluded_lines": 0, "percent_statements_covered": 0.0, "percent_statements_covered_display": "0"}, "missing_lines": [394, 395, 397, 398, 400, 402, 407, 408, 411, 413, 414, 415, 417, 420, 421, 423, 425, 426, 427, 428, 429], "excluded_lines": [], "start_line": 383}, "AgentOrchestrator.execute_parallel": {"executed_lines": [], "summary": {"covered_lines": 0, "num_statements": 17, "percent_covered": 0.0, "percent_covered_display": "0", "missing_lines": 17, "excluded_lines": 0, "percent_statements_covered": 0.0, "percent_statements_covered_display": "0"}, "missing_lines": [442, 443, 444, 445, 446, 447, 448, 451, 453, 462, 468, 469, 470, 471, 472, 474, 476], "excluded_lines": [], "start_line": 431}, "AgentOrchestrator.execute_parallel.execute_with_semaphore": {"executed_lines": [], "summary": {"covered_lines": 0, "num_statements": 4, "percent_covered": 0.0, "percent_covered_display": "0", "missing_lines": 4, "excluded_lines": 0, "percent_statements_covered": 0.0, "percent_statements_covered_display": "0"}, "missing_lines": [454, 456, 457, 459], "excluded_lines": [], "start_line": 453}, "AgentOrchestrator.send_message": {"executed_lines": [], "summary": {"covered_lines": 0, "num_statements": 4, "percent_covered": 0.0, "percent_covered_display": "0", "missing_lines": 4, "excluded_lines": 0, "percent_statements_covered": 0.0, "percent_statements_covered_display": "0"}, "missing_lines": [498, 505, 506, 508], "excluded_lines": [], "start_line": 478}, "AgentOrchestrator.process_messages": {"executed_lines": [], "summary": {"covered_lines": 0, "num_statements": 16, "percent_covered": 0.0, "percent_covered_display": "0", "missing_lines": 16, "excluded_lines": 0, "percent_statements_covered": 0.0, "percent_statements_covered_display": "0"}, "missing_lines": [521, 522, 524, 525, 526, 528, 529, 532, 533, 536, 537, 538, 539, 541, 542, 544], "excluded_lines": [], "start_line": 510}, "AgentOrchestrator._handle_handoff": {"executed_lines": [], "summary": {"covered_lines": 0, "num_statements": 9, "percent_covered": 0.0, "percent_covered_display": "0", "missing_lines": 9, "excluded_lines": 0, "percent_statements_covered": 0.0, "percent_statements_covered_display": "0"}, "missing_lines": [552, 553, 554, 555, 557, 559, 560, 561, 562], "excluded_lines": [], "start_line": 546}, "AgentOrchestrator._handle_query": {"executed_lines": [], "summary": {"covered_lines": 0, "num_statements": 1, "percent_covered": 0.0, "percent_covered_display": "0", "missing_lines": 1, "excluded_lines": 0, "percent_statements_covered": 0.0, "percent_statements_covered_display": "0"}, "missing_lines": [571], "excluded_lines": [], "start_line": 564}, "AgentOrchestrator._log_interaction": {"executed_lines": [], "summary": {"covered_lines": 0, "num_statements": 4, "percent_covered": 0.0, "percent_covered_display": "0", "missing_lines": 4, "excluded_lines": 0, "percent_statements_covered": 0.0, "percent_statements_covered_display": "0"}, "missing_lines": [581, 592, 595, 596], "excluded_lines": [], "start_line": 573}, "AgentOrchestrator._calculate_duration": {"executed_lines": [], "summary": {"covered_lines": 0, "num_statements": 6, "percent_covered": 0.0, "percent_covered_display": "0", "missing_lines": 6, "excluded_lines": 0, "percent_statements_covered": 0.0, "percent_statements_covered_display": "0"}, "missing_lines": [607, 608, 610, 612, 613, 614], "excluded_lines": [], "start_line": 598}, "AgentOrchestrator._save_interaction_log": {"executed_lines": [], "summary": {"covered_lines": 0, "num_statements": 7, "percent_covered": 0.0, "percent_covered_display": "0", "missing_lines": 7, "excluded_lines": 0, "percent_statements_covered": 0.0, "percent_statements_covered_display": "0"}, "missing_lines": [618, 619, 621, 622, 623, 624, 625], "excluded_lines": [], "start_line": 616}, "AgentOrchestrator.register_agent_callback": {"executed_lines": [], "summary": {"covered_lines": 0, "num_statements": 2, "percent_covered": 0.0, "percent_covered_display": "0", "missing_lines": 2, "excluded_lines": 0, "percent_statements_covered": 0.0, "percent_statements_covered_display": "0"}, "missing_lines": [636, 637], "excluded_lines": [], "start_line": 627}, "AgentOrchestrator.decompose_task": {"executed_lines": [], "summary": {"covered_lines": 0, "num_statements": 7, "percent_covered": 0.0, "percent_covered_display": "0", "missing_lines": 7, "excluded_lines": 0, "percent_statements_covered": 0.0, "percent_statements_covered_display": "0"}, "missing_lines": [651, 653, 655, 684, 685, 686, 688], "excluded_lines": [], "start_line": 639}, "suggest_agent": {"executed_lines": [701, 702, 703, 704, 705], "summary": {"covered_lines": 5, "num_statements": 5, "percent_covered": 100.0, "percent_covered_display": "100", "missing_lines": 0, "excluded_lines": 0, "percent_statements_covered": 100.0, "percent_statements_covered_display": "100"}, "missing_lines": [], "excluded_lines": [], "start_line": 692}, "": {"executed_lines": [9, 10, 11, 12, 13, 14, 15, 16, 19, 22, 25, 26, 27, 28, 29, 30, 33, 36, 37, 38, 39, 40, 43, 44, 47, 48, 49, 50, 51, 52, 55, 56, 59, 60, 61, 62, 63, 64, 65, 66, 67, 68, 69, 70, 71, 73, 85, 92, 116, 139, 211, 275, 312, 334, 350, 366, 383, 431, 478, 510, 546, 564, 573, 598, 616, 627, 639, 692], "summary": {"covered_lines": 68, "num_statements": 68, "percent_covered": 100.0, "percent_covered_display": "100", "missing_lines": 0, "excluded_lines": 0, "percent_statements_covered": 100.0, "percent_statements_covered_display": "100"}, "missing_lines": [], "excluded_lines": [], "start_line": 1}}, "classes": {"AgentType": {"executed_lines": [], "summary": {"covered_lines": 0, "num_statements": 0, "percent_covered": 100.0, "percent_covered_display": "100", "missing_lines": 0, "excluded_lines": 0, "percent_statements_covered": 100.0, "percent_statements_covered_display": "100"}, "missing_lines": [], "excluded_lines": [], "start_line": 22}, "MessageType": {"executed_lines": [], "summary": {"covered_lines": 0, "num_statements": 0, "percent_covered": 100.0, "percent_covered_display": "100", "missing_lines": 0, "excluded_lines": 0, "percent_statements_covered": 100.0, "percent_statements_covered_display": "100"}, "missing_lines": [], "excluded_lines": [], "start_line": 33}, "AgentMessage": {"executed_lines": [], "summary": {"covered_lines": 0, "num_statements": 0, "percent_covered": 100.0, "percent_covered_display": "100", "missing_lines": 0, "excluded_lines": 0, "percent_statements_covered": 100.0, "percent_statements_covered_display": "100"}, "missing_lines": [], "excluded_lines": [], "start_line": 44}, "Task": {"executed_lines": [], "summary": {"covered_lines": 0, "num_statements": 1, "percent_covered": 0.0, "percent_covered_display": "0", "missing_lines": 1, "excluded_lines": 0, "percent_statements_covered": 0.0, "percent_statements_covered_display": "0"}, "missing_lines": [82], "excluded_lines": [], "start_line": 56}, "AgentOrchestrator": {"executed_lines": [98, 99, 100, 101, 102, 103, 104, 107, 108, 109, 110, 113, 114, 122, 124, 125, 126, 128, 129, 130, 131, 148, 150, 152, 153, 154, 155, 157, 158, 172, 173, 174, 177, 178, 224, 225, 228, 232, 235, 239, 242, 243, 246, 250, 253, 257, 260, 261, 264, 265, 266, 267, 270, 273, 293, 295, 303, 304, 306, 310, 324, 325, 328, 332, 343, 345, 346, 348, 360, 361, 362, 363, 364, 379, 381], "summary": {"covered_lines": 75, "num_statements": 183, "percent_covered": 40.98360655737705, "percent_covered_display": "41", "missing_lines": 108, "excluded_lines": 0, "percent_statements_covered": 40.98360655737705, "percent_statements_covered_display": "41"}, "missing_lines": [132, 133, 134, 135, 136, 137, 166, 167, 170, 326, 394, 395, 397, 398, 400, 402, 407, 408, 411, 413, 414, 415, 417, 420, 421, 423, 425, 426, 427, 428, 429, 442, 443, 444, 445, 446, 447, 448, 451, 453, 454, 456, 457, 459, 462, 468, 469, 470, 471, 472, 474, 476, 498, 505, 506, 508, 521, 522, 524, 525, 526, 528, 529, 532, 533, 536, 537, 538, 539, 541, 542, 544, 552, 553, 554, 555, 557, 559, 560, 561, 562, 571, 581, 592, 595, 596, 607, 608, 610, 612, 613, 614, 618, 619, 621, 622, 623, 624, 625, 636, 637, 651, 653, 655, 684, 685, 686, 688], "excluded_lines": [], "start_line": 85}, "": {"executed_lines": [9, 10, 11, 12, 13, 14, 15, 16, 19, 22, 25, 26, 27, 28, 29, 30, 33, 36, 37, 38, 39, 40, 43, 44, 47, 48, 49, 50, 51, 52, 55, 56, 59, 60, 61, 62, 63, 64, 65, 66, 67, 68, 69, 70, 71, 73, 85, 92, 116, 139, 211, 275, 312, 334, 350, 366, 383, 431, 478, 510, 546, 564, 573, 598, 616, 627, 639, 692, 701, 702, 703, 704, 705], "summary": {"covered_lines": 73, "num_statements": 73, "percent_covered": 100.0, "percent_covered_display": "100", "missing_lines": 0, "excluded_lines": 0, "percent_statements_covered": 100.0, "percent_statements_covered_display": "100"}, "missing_lines": [], "excluded_lines": [], "start_line": 1}}}, "forge/analytics.py": {"executed_lines": [9, 10, 11, 12, 13, 14, 17, 20, 21, 24, 25, 26, 27, 28, 31, 32, 35, 36, 37, 38, 39, 40, 43, 46, 52, 53, 54, 56, 57, 59, 61, 63, 64, 66, 67, 68, 69, 70, 74, 76, 78, 79, 80, 98, 102, 120, 122, 123, 125, 127, 129, 147, 149, 150, 152, 153, 154, 156, 157, 158, 160, 161, 163, 165, 175, 176, 179, 181, 182, 185, 186, 187, 189, 190, 192, 194, 195, 196, 197, 199, 201, 210, 219, 221, 230, 232, 241, 243, 252, 253, 256, 259, 260, 261, 262, 263, 266, 268, 269, 270, 279, 280, 281, 286, 295, 297, 304, 306, 326, 327, 340, 341, 342, 343, 344, 351, 367, 368, 370, 373, 380, 381, 389, 396, 397, 405, 412, 413], "summary": {"covered_lines": 128, "num_statements": 132, "percent_covered": 96.96969696969697, "percent_covered_display": "97", "missing_lines": 4, "excluded_lines": 0, "percent_statements_covered": 96.96969696969697, "percent_statements_covered_display": "97"}, "missing_lines": [71, 72, 99, 100], "excluded_lines": [], "functions": {"ProjectAnalytics.__init__": {"executed_lines": [52, 53, 54, 56, 57], "summary": {"covered_lines": 5, "num_statements": 5, "percent_covered": 100.0, "percent_covered_display": "100", "missing_lines": 0, "excluded_lines": 0, "percent_statements_covered": 100.0, "percent_statements_covered_display": "100"}, "missing_lines": [], "excluded_lines": [], "start_line": 46}, "ProjectAnalytics._load_metrics": {"executed_lines": [61, 63, 64, 66, 67, 68, 69, 70], "summary": {"covered_lines": 8, "num_statements": 10, "percent_covered": 80.0, "percent_covered_display": "80", "missing_lines": 2, "excluded_lines": 0, "percent_statements_covered": 80.0, "percent_statements_covered_display": "80"}, "missing_lines": [71, 72], "excluded_lines": [], "start_line": 59}, "ProjectAnalytics._save_metrics": {"executed_lines": [76, 78, 79, 80, 98], "summary": {"covered_lines": 5, "num_statements": 7, "percent_covered": 71.42857142857143, "percent_covered_display": "71", "missing_lines": 2, "excluded_lines": 0, "percent_statements_covered": 71.42857142857143, "percent_statements_covered_display": "71"}, "missing_lines": [99, 100], "excluded_lines": [], "start_line": 74}, "ProjectAnalytics.record_metric": {"executed_lines": [120, 122, 123, 125, 127], "summary": {"covered_lines": 5, "num_statements": 5, "percent_covered": 100.0, "percent_covered_display": "100", "missing_lines": 0, "excluded_lines": 0, "percent_statements_covered": 100.0, "percent_statements_covered_display": "100"}, "missing_lines": [], "excluded_lines": [], "start_line": 102}, "ProjectAnalytics.get_metrics": {"executed_lines": [147, 149, 150, 152, 153, 154, 156, 157, 158, 160, 161, 163], "summary": {"covered_lines": 12, "num_statements": 12, "percent_covered": 100.0, "percent_covered_display": "100", "missing_lines": 0, "excluded_lines": 0, "percent_statements_covered": 100.0, "percent_statements_covered_display": "100"}, "missing_lines": [], "excluded_lines": [], "start_line": 129}, "ProjectAnalytics.calculate_trend": {"executed_lines": [175, 176, 179, 181, 182, 185, 186, 187, 189, 190, 192, 194, 195, 196, 197, 199, 201], "summary": {"covered_lines": 17, "num_statements": 17, "percent_covered": 100.0, "percent_covered_display": "100", "missing_lines": 0, "excluded_lines": 0, "percent_statements_covered": 100.0, "percent_statements_covered_display": "100"}, "missing_lines": [], "excluded_lines": [], "start_line": 165}, "ProjectAnalytics.get_coverage_trend": {"executed_lines": [219], "summary": {"covered_lines": 1, "num_statements": 1, "percent_covered": 100.0, "percent_covered_display": "100", "missing_lines": 0, "excluded_lines": 0, "percent_statements_covered": 100.0, "percent_statements_covered_display": "100"}, "missing_lines": [], "excluded_lines": [], "start_line": 210}, "ProjectAnalytics.get_velocity_trend": {"executed_lines": [230], "summary": {"covered_lines": 1, "num_statements": 1, "percent_covered": 100.0, "percent_covered_display": "100", "missing_lines": 0, "excluded_lines": 0, "percent_statements_covered": 100.0, "percent_statements_covered_display": "100"}, "missing_lines": [], "excluded_lines": [], "start_line": 221}, "ProjectAnalytics.get_quality_score_trend": {"executed_lines": [241], "summary": {"covered_lines": 1, "num_statements": 1, "percent_covered": 100.0, "percent_covered_display": "100", "missing_lines": 0, "excluded_lines": 0, "percent_statements_covered": 100.0, "percent_statements_covered_display": "100"}, "missing_lines": [], "excluded_lines": [], "start_line": 232}, "ProjectAnalytics.generate_summary": {"executed_lines": [252, 253, 256, 259, 260, 261, 262, 263, 266, 268, 269, 270, 279, 280, 281, 286, 295], "summary": {"covered_lines": 17, "num_statements": 17, "percent_covered": 100.0, "percent_covered_display": "100", "missing_lines": 0, "excluded_lines": 0, "percent_statements_covered": 100.0, "percent_statements_covered_display": "100"}, "missing_lines": [], "excluded_lines": [], "start_line": 243}, "ProjectAnalytics.export_report": {"executed_lines": [304, 306, 326, 327, 340, 341, 342, 343, 344, 351, 367, 368, 370], "summary": {"covered_lines": 13, "num_statements": 13, "percent_covered": 100.0, "percent_covered_display": "100", "missing_lines": 0, "excluded_lines": 0, "percent_statements_covered": 100.0, "percent_statements_covered_display": "100"}, "missing_lines": [], "excluded_lines": [], "start_line": 297}, "record_test_coverage": {"executed_lines": [380, 381], "summary": {"covered_lines": 2, "num_statements": 2, "percent_covered": 100.0, "percent_covered_display": "100", "missing_lines": 0, "excluded_lines": 0, "percent_statements_covered": 100.0, "percent_statements_covered_display": "100"}, "missing_lines": [], "excluded_lines": [], "start_line": 373}, "record_quality_score": {"executed_lines": [396, 397], "summary": {"covered_lines": 2, "num_statements": 2, "percent_covered": 100.0, "percent_covered_display": "100", "missing_lines": 0, "excluded_lines": 0, "percent_statements_covered": 100.0, "percent_statements_covered_display": "100"}, "missing_lines": [], "excluded_lines": [], "start_line": 389}, "record_velocity": {"executed_lines": [412, 413], "summary": {"covered_lines": 2, "num_statements": 2, "percent_covered": 100.0, "percent_covered_display": "100", "missing_lines": 0, "excluded_lines": 0, "percent_statements_covered": 100.0, "percent_statements_covered_display": "100"}, "missing_lines": [], "excluded_lines": [], "start_line": 405}, "": {"executed_lines": [9, 10, 11, 12, 13, 14, 17, 20, 21, 24, 25, 26, 27, 28, 31, 32, 35, 36, 37, 38, 39, 40, 43, 46, 59, 74, 102, 129, 165, 210, 221, 232, 243, 297, 373, 389, 405], "summary": {"covered_lines": 37, "num_statements": 37, "percent_covered": 100.0, "percent_covered_display": "100", "missing_lines": 0, "excluded_lines": 0, "percent_statements_covered": 100.0, "percent_statements_covered_display": "100"}, "missing_lines": [], "excluded_lines": [], "start_line": 1}}, "classes": {"Metric": {"executed_lines": [], "summary": {"covered_lines": 0, "num_statements": 0, "percent_covered": 100.0, "percent_covered_display": "100", "missing_lines": 0, "excluded_lines": 0, "percent_statements_covered": 100.0, "percent_statements_covered_display": "100"}, "missing_lines": [], "excluded_lines": [], "start_line": 21}, "Trend": {"executed_lines": [], "summary": {"covered_lines": 0, "num_statements": 0, "percent_covered": 100.0, "percent_covered_display": "100", "missing_lines": 0, "excluded_lines": 0, "percent_statements_covered": 100.0, "percent_statements_covered_display": "100"}, "missing_lines": [], "excluded_lines": [], "start_line": 32}, "ProjectAnalytics": {"executed_lines": [52, 53, 54, 56, 57, 61, 63, 64, 66, 67, 68, 69, 70, 76, 78, 79, 80, 98, 120, 122, 123, 125, 127, 147, 149, 150, 152, 153, 154, 156, 157, 158, 160, 161, 163, 175, 176, 179, 181, 182, 185, 186, 187, 189, 190, 192, 194, 195, 196, 197, 199, 201, 219, 230, 241, 252, 253, 256, 259, 260, 261, 262, 263, 266, 268, 269, 270, 279, 280, 281, 286, 295, 304, 306, 326, 327, 340, 341, 342, 343, 344, 351, 367, 368, 370], "summary": {"covered_lines": 85, "num_statements": 89, "percent_covered": 95.50561797752809, "percent_covered_display": "96", "missing_lines": 4, "excluded_lines": 0, "percent_statements_covered": 95.50561797752809, "percent_statements_covered_display": "96"}, "missing_lines": [71, 72, 99, 100], "excluded_lines": [], "start_line": 43}, "": {"executed_lines": [9, 10, 11, 12, 13, 14, 17, 20, 21, 24, 25, 26, 27, 28, 31, 32, 35, 36, 37, 38, 39, 40, 43, 46, 59, 74, 102, 129, 165, 210, 221, 232, 243, 297, 373, 380, 381, 389, 396, 397, 405, 412, 413], "summary": {"covered_lines": 43, "num_statements": 43, "percent_covered": 100.0, "percent_covered_display": "100", "missing_lines": 0, "excluded_lines": 0, "percent_statements_covered": 100.0, "percent_statements_covered_display": "100"}, "missing_lines": [], "excluded_lines": [], "start_line": 1}}}, "forge/cli.py": {"executed_lines": [7, 8, 9, 10, 12, 14, 15, 16, 17, 18, 19, 22, 23, 24, 25, 27, 28, 30, 31, 32, 34, 35, 52, 54, 57, 61, 67, 72, 79, 80, 81, 88, 89, 91, 92, 99, 100, 102, 103, 104, 106, 107, 110, 111, 113, 114, 120, 123, 124, 127, 128, 131, 134, 135, 136, 142, 149, 150, 152, 153, 158, 160, 161, 163, 165, 166, 167, 170, 184, 185, 186, 191, 199, 201, 203, 204, 205, 207, 208, 211, 213, 214, 215, 217, 218, 219, 220, 221, 224, 225, 227, 228, 229, 232, 234, 235, 236, 237, 238, 240, 241, 242, 243, 244, 245, 247, 248, 249, 250, 251, 253, 254, 255, 256, 257, 258, 260, 261, 262, 263, 264, 265, 269, 270, 272, 276, 277, 278, 279, 280, 281, 282, 284, 286, 288, 289, 290, 291, 293, 295, 296, 298, 300, 301, 303, 304, 305, 306, 307, 308, 313, 314, 316, 317, 319, 320, 322, 324, 325, 327, 329, 330, 331, 333, 334, 339, 344, 345, 347, 348, 349, 351, 353, 354, 355, 357, 358, 364, 366, 368, 369, 371, 372, 374, 375, 377, 380, 381, 382, 384, 386, 388, 389, 391, 393, 394, 397, 399, 400, 406, 408, 410, 412, 413, 414, 444, 446, 449, 450, 453, 459, 460, 461, 463, 465, 467, 469, 471, 473, 474, 475, 477, 478, 479, 480, 485, 486, 487, 489, 490, 493, 494, 495, 497, 498, 499, 501, 510, 511, 512, 513, 514, 516, 518, 519, 521, 522, 524, 525, 526, 527, 528, 529, 532, 533, 534, 535, 538, 539, 540, 542, 546, 547, 548, 549, 553, 554, 555, 556, 557, 561, 562, 563, 567, 568, 569, 570, 571, 574, 575, 576, 577, 578, 580, 586, 590, 591, 592, 593, 594, 596, 597, 598, 599, 600, 602, 603, 604, 606, 607, 613, 615, 616, 617, 619, 621, 623, 624, 625, 626, 627, 629, 630, 631, 632, 634, 635, 643, 645, 646, 647, 649, 651, 654, 655, 657, 658, 659, 660, 662, 664, 665, 668, 669, 670, 671, 674, 675, 676, 679, 680, 681, 683, 684, 685, 686, 688, 690, 692, 694, 695, 697, 699, 700, 701, 702, 703, 704, 705, 706, 707, 709, 710, 711, 712, 713, 714, 715, 717, 718, 723, 725, 726, 727, 728, 729, 730, 731, 733, 737, 740, 741, 742], "summary": {"covered_lines": 383, "num_statements": 442, "percent_covered": 86.65158371040724, "percent_covered_display": "87", "missing_lines": 59, "excluded_lines": 2, "percent_statements_covered": 86.65158371040724, "percent_statements_covered_display": "87"}, "missing_lines": [188, 189, 193, 273, 274, 310, 311, 359, 360, 361, 362, 398, 401, 402, 404, 416, 417, 418, 419, 420, 421, 422, 424, 425, 426, 427, 428, 430, 431, 432, 433, 435, 436, 437, 438, 440, 442, 462, 481, 482, 483, 541, 543, 550, 558, 564, 579, 581, 587, 588, 609, 637, 639, 641, 719, 720, 721, 722, 732], "excluded_lines": [745, 746], "functions": {"ForgeCLI.__init__": {"executed_lines": [24, 25], "summary": {"covered_lines": 2, "num_statements": 2, "percent_covered": 100.0, "percent_covered_display": "100", "missing_lines": 0, "excluded_lines": 0, "percent_statements_covered": 100.0, "percent_statements_covered_display": "100"}, "missing_lines": [], "excluded_lines": [], "start_line": 23}, "ForgeCLI.state_manager": {"executed_lines": [30, 31, 32], "summary": {"covered_lines": 3, "num_statements": 3, "percent_covered": 100.0, "percent_covered_display": "100", "missing_lines": 0, "excluded_lines": 0, "percent_statements_covered": 100.0, "percent_statements_covered_display": "100"}, "missing_lines": [], "excluded_lines": [], "start_line": 28}, "ForgeCLI.run": {"executed_lines": [35, 52, 54, 57, 61, 67, 72, 79, 80, 81, 88, 89, 91, 92, 99, 100, 102, 103, 104, 106, 107, 110, 111, 113, 114, 120, 123, 124, 127, 128, 131, 134, 135, 136, 142, 149, 150, 152, 153, 158, 160, 161, 163, 165, 166, 167, 170, 184, 185, 186], "summary": {"covered_lines": 50, "num_statements": 52, "percent_covered": 96.15384615384616, "percent_covered_display": "96", "missing_lines": 2, "excluded_lines": 0, "percent_statements_covered": 96.15384615384616, "percent_statements_covered_display": "96"}, "missing_lines": [188, 189], "excluded_lines": [], "start_line": 34}, "ForgeCLI.cmd_init": {"executed_lines": [], "summary": {"covered_lines": 0, "num_statements": 1, "percent_covered": 0.0, "percent_covered_display": "0", "missing_lines": 1, "excluded_lines": 0, "percent_statements_covered": 0.0, "percent_statements_covered_display": "0"}, "missing_lines": [193], "excluded_lines": [], "start_line": 191}, "ForgeCLI.cmd_status": {"executed_lines": [201, 203, 204, 205, 207, 208, 211, 213, 214, 215, 217, 218, 219, 220, 221, 224, 225, 227, 228, 229, 232, 234, 235, 236, 237, 238, 240, 241, 242, 243, 244, 245, 247, 248, 249, 250, 251, 253, 254, 255, 256, 257, 258, 260, 261, 262, 263, 264, 265, 269, 270, 272, 276, 277, 278, 279, 280, 281, 282, 284], "summary": {"covered_lines": 60, "num_statements": 62, "percent_covered": 96.7741935483871, "percent_covered_display": "97", "missing_lines": 2, "excluded_lines": 0, "percent_statements_covered": 96.7741935483871, "percent_statements_covered_display": "97"}, "missing_lines": [273, 274], "excluded_lines": [], "start_line": 199}, "ForgeCLI.cmd_checkpoint": {"executed_lines": [288, 289, 290, 291], "summary": {"covered_lines": 4, "num_statements": 4, "percent_covered": 100.0, "percent_covered_display": "100", "missing_lines": 0, "excluded_lines": 0, "percent_statements_covered": 100.0, "percent_statements_covered_display": "100"}, "missing_lines": [], "excluded_lines": [], "start_line": 286}, "ForgeCLI.cmd_restore": {"executed_lines": [295, 296], "summary": {"covered_lines": 2, "num_statements": 2, "percent_covered": 100.0, "percent_covered_display": "100", "missing_lines": 0, "excluded_lines": 0, "percent_statements_covered": 100.0, "percent_statements_covered_display": "100"}, "missing_lines": [], "excluded_lines": [], "start_line": 293}, "ForgeCLI.cmd_spec": {"executed_lines": [300, 301, 303, 304, 305, 306, 307, 308, 313, 314, 316, 317, 319, 320, 322, 324, 325], "summary": {"covered_lines": 17, "num_statements": 19, "percent_covered": 89.47368421052632, "percent_covered_display": "89", "missing_lines": 2, "excluded_lines": 0, "percent_statements_covered": 89.47368421052632, "percent_statements_covered_display": "89"}, "missing_lines": [310, 311], "excluded_lines": [], "start_line": 298}, "ForgeCLI.cmd_mcp": {"executed_lines": [329, 330, 331, 333, 334, 339, 344, 345, 347, 348, 349, 351, 353, 354, 355, 357, 358, 364], "summary": {"covered_lines": 18, "num_statements": 22, "percent_covered": 81.81818181818181, "percent_covered_display": "82", "missing_lines": 4, "excluded_lines": 0, "percent_statements_covered": 81.81818181818181, "percent_statements_covered_display": "82"}, "missing_lines": [359, 360, 361, 362], "excluded_lines": [], "start_line": 327}, "ForgeCLI.cmd_gap_analysis": {"executed_lines": [368, 369, 371, 372, 374, 375, 377, 380, 381, 382, 384], "summary": {"covered_lines": 11, "num_statements": 11, "percent_covered": 100.0, "percent_covered_display": "100", "missing_lines": 0, "excluded_lines": 0, "percent_statements_covered": 100.0, "percent_statements_covered_display": "100"}, "missing_lines": [], "excluded_lines": [], "start_line": 366}, "ForgeCLI.cmd_health": {"executed_lines": [388, 389, 391, 393, 394, 397, 399, 400, 406], "summary": {"covered_lines": 9, "num_statements": 13, "percent_covered": 69.23076923076923, "percent_covered_display": "69", "missing_lines": 4, "excluded_lines": 0, "percent_statements_covered": 69.23076923076923, "percent_statements_covered_display": "69"}, "missing_lines": [398, 401, 402, 404], "excluded_lines": [], "start_line": 386}, "ForgeCLI.cmd_recovery": {"executed_lines": [410, 412, 413, 414], "summary": {"covered_lines": 4, "num_statements": 26, "percent_covered": 15.384615384615385, "percent_covered_display": "15", "missing_lines": 22, "excluded_lines": 0, "percent_statements_covered": 15.384615384615385, "percent_statements_covered_display": "15"}, "missing_lines": [416, 417, 418, 419, 420, 421, 422, 424, 425, 426, 427, 428, 430, 431, 432, 433, 435, 436, 437, 438, 440, 442], "excluded_lines": [], "start_line": 408}, "ForgeCLI.cmd_generate": {"executed_lines": [446, 449, 450, 453, 459, 460, 461, 463, 465, 467], "summary": {"covered_lines": 10, "num_statements": 11, "percent_covered": 90.9090909090909, "percent_covered_display": "91", "missing_lines": 1, "excluded_lines": 0, "percent_statements_covered": 90.9090909090909, "percent_statements_covered_display": "91"}, "missing_lines": [462], "excluded_lines": [], "start_line": 444}, "ForgeCLI.cmd_config": {"executed_lines": [471, 473, 474, 475, 477, 478, 479, 480, 485, 486, 487, 489, 490, 493, 494, 495, 497, 498, 499, 501, 510, 511, 512, 513, 514, 516, 518, 519, 521, 522, 524, 525, 526, 527, 528, 529, 532, 533, 534, 535, 538, 539, 540, 542, 546, 547, 548, 549, 553, 554, 555, 556, 557, 561, 562, 563, 567, 568, 569, 570, 571, 574, 575, 576, 577, 578, 580, 586, 590, 591, 592, 593, 594, 596, 597, 598, 599, 600, 602, 603, 604, 606, 607], "summary": {"covered_lines": 83, "num_statements": 96, "percent_covered": 86.45833333333333, "percent_covered_display": "86", "missing_lines": 13, "excluded_lines": 0, "percent_statements_covered": 86.45833333333333, "percent_statements_covered_display": "86"}, "missing_lines": [481, 482, 483, 541, 543, 550, 558, 564, 579, 581, 587, 588, 609], "excluded_lines": [], "start_line": 469}, "ForgeCLI._print_header": {"executed_lines": [615, 616, 617], "summary": {"covered_lines": 3, "num_statements": 3, "percent_covered": 100.0, "percent_covered_display": "100", "missing_lines": 0, "excluded_lines": 0, "percent_statements_covered": 100.0, "percent_statements_covered_display": "100"}, "missing_lines": [], "excluded_lines": [], "start_line": 613}, "ForgeCLI._print_config_section": {"executed_lines": [621, 623, 624, 625, 626, 627, 629, 630, 631, 632, 634, 635], "summary": {"covered_lines": 12, "num_statements": 15, "percent_covered": 80.0, "percent_covered_display": "80", "missing_lines": 3, "excluded_lines": 0, "percent_statements_covered": 80.0, "percent_statements_covered_display": "80"}, "missing_lines": [637, 639, 641], "excluded_lines": [], "start_line": 619}, "ForgeCLI._progress_bar": {"executed_lines": [645, 646, 647], "summary": {"covered_lines": 3, "num_statements": 3, "percent_covered": 100.0, "percent_covered_display": "100", "missing_lines": 0, "excluded_lines": 0, "percent_statements_covered": 100.0, "percent_statements_covered_display": "100"}, "missing_lines": [], "excluded_lines": [], "start_line": 643}, "ForgeCLI._calculate_health_score": {"executed_lines": [651, 654, 655, 657, 658, 659, 660, 662, 664, 665, 668, 669, 670, 671, 674, 675, 676, 679, 680, 681, 683, 684, 685, 686, 688], "summary": {"covered_lines": 25, "num_statements": 25, "percent_covered": 100.0, "percent_covered_display": "100", "missing_lines": 0, "excluded_lines": 0, "percent_statements_covered": 100.0, "percent_statements_covered_display": "100"}, "missing_lines": [], "excluded_lines": [], "start_line": 649}, "ForgeCLI._show_detail": {"executed_lines": [692, 694, 695, 697, 699, 700, 701, 702, 703, 704, 705, 706, 707, 709, 710, 711, 712, 713, 714, 715, 717, 718, 723, 725, 726, 727, 728, 729, 730, 731, 733, 737], "summary": {"covered_lines": 32, "num_statements": 37, "percent_covered": 86.48648648648648, "percent_covered_display": "86", "missing_lines": 5, "excluded_lines": 0, "percent_statements_covered": 86.48648648648648, "percent_statements_covered_display": "86"}, "missing_lines": [719, 720, 721, 722, 732], "excluded_lines": [], "start_line": 690}, "main": {"executed_lines": [741, 742], "summary": {"covered_lines": 2, "num_statements": 2, "percent_covered": 100.0, "percent_covered_display": "100", "missing_lines": 0, "excluded_lines": 0, "percent_statements_covered": 100.0, "percent_statements_covered_display": "100"}, "missing_lines": [], "excluded_lines": [], "start_line": 740}, "": {"executed_lines": [7, 8, 9, 10, 12, 14, 15, 16, 17, 18, 19, 22, 23, 27, 28, 34, 191, 199, 286, 293, 298, 327, 366, 386, 408, 444, 469, 613, 619, 643, 649, 690, 740], "summary": {"covered_lines": 33, "num_statements": 33, "percent_covered": 100.0, "percent_covered_display": "100", "missing_lines": 0, "excluded_lines": 2, "percent_statements_covered": 100.0, "percent_statements_covered_display": "100"}, "missing_lines": [], "excluded_lines": [745, 746], "start_line": 1}}, "classes": {"ForgeCLI": {"executed_lines": [24, 25, 30, 31, 32, 35, 52, 54, 57, 61, 67, 72, 79, 80, 81, 88, 89, 91, 92, 99, 100, 102, 103, 104, 106, 107, 110, 111, 113, 114, 120, 123, 124, 127, 128, 131, 134, 135, 136, 142, 149, 150, 152, 153, 158, 160, 161, 163, 165, 166, 167, 170, 184, 185, 186, 201, 203, 204, 205, 207, 208, 211, 213, 214, 215, 217, 218, 219, 220, 221, 224, 225, 227, 228, 229, 232, 234, 235, 236, 237, 238, 240, 241, 242, 243, 244, 245, 247, 248, 249, 250, 251, 253, 254, 255, 256, 257, 258, 260, 261, 262, 263, 264, 265, 269, 270, 272, 276, 277, 278, 279, 280, 281, 282, 284, 288, 289, 290, 291, 295, 296, 300, 301, 303, 304, 305, 306, 307, 308, 313, 314, 316, 317, 319, 320, 322, 324, 325, 329, 330, 331, 333, 334, 339, 344, 345, 347, 348, 349, 351, 353, 354, 355, 357, 358, 364, 368, 369, 371, 372, 374, 375, 377, 380, 381, 382, 384, 388, 389, 391, 393, 394, 397, 399, 400, 406, 410, 412, 413, 414, 446, 449, 450, 453, 459, 460, 461, 463, 465, 467, 471, 473, 474, 475, 477, 478, 479, 480, 485, 486, 487, 489, 490, 493, 494, 495, 497, 498, 499, 501, 510, 511, 512, 513, 514, 516, 518, 519, 521, 522, 524, 525, 526, 527, 528, 529, 532, 533, 534, 535, 538, 539, 540, 542, 546, 547, 548, 549, 553, 554, 555, 556, 557, 561, 562, 563, 567, 568, 569, 570, 571, 574, 575, 576, 577, 578, 580, 586, 590, 591, 592, 593, 594, 596, 597, 598, 599, 600, 602, 603, 604, 606, 607, 615, 616, 617, 621, 623, 624, 625, 626, 627, 629, 630, 631, 632, 634, 635, 645, 646, 647, 651, 654, 655, 657, 658, 659, 660, 662, 664, 665, 668, 669, 670, 671, 674, 675, 676, 679, 680, 681, 683, 684, 685, 686, 688, 692, 694, 695, 697, 699, 700, 701, 702, 703, 704, 705, 706, 707, 709, 710, 711, 712, 713, 714, 715, 717, 718, 723, 725, 726, 727, 728, 729, 730, 731, 733, 737], "summary": {"covered_lines": 348, "num_statements": 407, "percent_covered": 85.5036855036855, "percent_covered_display": "86", "missing_lines": 59, "excluded_lines": 0, "percent_statements_covered": 85.5036855036855, "percent_statements_covered_display": "86"}, "missing_lines": [188, 189, 193, 273, 274, 310, 311, 359, 360, 361, 362, 398, 401, 402, 404, 416, 417, 418, 419, 420, 421, 422, 424, 425, 426, 427, 428, 430, 431, 432, 433, 435, 436, 437, 438, 440, 442, 462, 481, 482, 483, 541, 543, 550, 558, 564, 579, 581, 587, 588, 609, 637, 639, 641, 719, 720, 721, 722, 732], "excluded_lines": [], "start_line": 22}, "": {"executed_lines": [7, 8, 9, 10, 12, 14, 15, 16, 17, 18, 19, 22, 23, 27, 28, 34, 191, 199, 286, 293, 298, 327, 366, 386, 408, 444, 469, 613, 619, 643, 649, 690, 740, 741, 742], "summary": {"covered_lines": 35, "num_statements": 35, "percent_covered": 100.0, "percent_covered_display": "100", "missing_lines": 0, "excluded_lines": 2, "percent_statements_covered": 100.0, "percent_statements_covered_display": "100"}, "missing_lines": [], "excluded_lines": [745, 746], "start_line": 1}}}, "forge/config.py": {"executed_lines": [12, 13, 14, 15, 16, 19, 20, 22, 26, 29, 39, 42, 43, 51, 57, 60, 61, 62, 65, 66, 67, 70, 71, 74, 77, 79, 80, 90, 95, 96, 121, 136, 165, 192, 260, 297, 332, 334, 335, 336, 337, 338, 340, 349, 358, 371, 413, 416], "summary": {"covered_lines": 48, "num_statements": 160, "percent_covered": 30.0, "percent_covered_display": "30", "missing_lines": 112, "excluded_lines": 0, "percent_statements_covered": 30.0, "percent_statements_covered_display": "30"}, "missing_lines": [23, 24, 45, 46, 47, 48, 49, 86, 87, 88, 98, 99, 103, 105, 106, 109, 112, 114, 116, 117, 130, 131, 134, 142, 143, 144, 145, 147, 148, 151, 152, 158, 160, 161, 163, 173, 176, 179, 180, 181, 184, 185, 186, 187, 190, 198, 206, 209, 211, 212, 214, 215, 217, 218, 221, 222, 223, 225, 226, 227, 228, 229, 230, 231, 232, 234, 235, 236, 237, 240, 241, 242, 243, 244, 245, 246, 247, 248, 251, 252, 253, 254, 255, 256, 258, 268, 304, 306, 308, 309, 310, 311, 312, 316, 317, 318, 321, 322, 323, 346, 347, 355, 356, 367, 368, 382, 384, 408, 409, 426, 427, 428], "excluded_lines": [], "functions": {"ForgeConfig.FORGE_VERSION": {"executed_lines": [], "summary": {"covered_lines": 0, "num_statements": 5, "percent_covered": 0.0, "percent_covered_display": "0", "missing_lines": 5, "excluded_lines": 0, "percent_statements_covered": 0.0, "percent_statements_covered_display": "0"}, "missing_lines": [45, 46, 47, 48, 49], "excluded_lines": [], "start_line": 43}, "ForgeConfig.__init__": {"executed_lines": [57, 60, 61, 62, 65, 66, 67, 70, 71, 74, 77], "summary": {"covered_lines": 11, "num_statements": 11, "percent_covered": 100.0, "percent_covered_display": "100", "missing_lines": 0, "excluded_lines": 0, "percent_statements_covered": 100.0, "percent_statements_covered_display": "100"}, "missing_lines": [], "excluded_lines": [], "start_line": 51}, "ForgeConfig.config": {"executed_lines": [], "summary": {"covered_lines": 0, "num_statements": 3, "percent_covered": 0.0, "percent_covered_display": "0", "missing_lines": 3, "excluded_lines": 0, "percent_statements_covered": 0.0, "percent_statements_covered_display": "0"}, "missing_lines": [86, 87, 88], "excluded_lines": [], "start_line": 80}, "ForgeConfig._migrate_if_needed": {"executed_lines": [95, 96], "summary": {"covered_lines": 2, "num_statements": 12, "percent_covered": 16.666666666666668, "percent_covered_display": "17", "missing_lines": 10, "excluded_lines": 0, "percent_statements_covered": 16.666666666666668, "percent_statements_covered_display": "17"}, "missing_lines": [98, 99, 103, 105, 106, 109, 112, 114, 116, 117], "excluded_lines": [], "start_line": 90}, "ForgeConfig._load_or_create_config": {"executed_lines": [], "summary": {"covered_lines": 0, "num_statements": 3, "percent_covered": 0.0, "percent_covered_display": "0", "missing_lines": 3, "excluded_lines": 0, "percent_statements_covered": 0.0, "percent_statements_covered_display": "0"}, "missing_lines": [130, 131, 134], "excluded_lines": [], "start_line": 121}, "ForgeConfig._load_config": {"executed_lines": [], "summary": {"covered_lines": 0, "num_statements": 12, "percent_covered": 0.0, "percent_covered_display": "0", "missing_lines": 12, "excluded_lines": 0, "percent_statements_covered": 0.0, "percent_statements_covered_display": "0"}, "missing_lines": [142, 143, 144, 145, 147, 148, 151, 152, 158, 160, 161, 163], "excluded_lines": [], "start_line": 136}, "ForgeConfig._create_config_from_defaults": {"executed_lines": [], "summary": {"covered_lines": 0, "num_statements": 10, "percent_covered": 0.0, "percent_covered_display": "0", "missing_lines": 10, "excluded_lines": 0, "percent_statements_covered": 0.0, "percent_statements_covered_display": "0"}, "missing_lines": [173, 176, 179, 180, 181, 184, 185, 186, 187, 190], "excluded_lines": [], "start_line": 165}, "ForgeConfig._analyze_project": {"executed_lines": [], "summary": {"covered_lines": 0, "num_statements": 40, "percent_covered": 0.0, "percent_covered_display": "0", "missing_lines": 40, "excluded_lines": 0, "percent_statements_covered": 0.0, "percent_statements_covered_display": "0"}, "missing_lines": [198, 206, 209, 211, 212, 214, 215, 217, 218, 221, 222, 223, 225, 226, 227, 228, 229, 230, 231, 232, 234, 235, 236, 237, 240, 241, 242, 243, 244, 245, 246, 247, 248, 251, 252, 253, 254, 255, 256, 258], "excluded_lines": [], "start_line": 192}, "ForgeConfig._get_default_config": {"executed_lines": [], "summary": {"covered_lines": 0, "num_statements": 1, "percent_covered": 0.0, "percent_covered_display": "0", "missing_lines": 1, "excluded_lines": 0, "percent_statements_covered": 0.0, "percent_statements_covered_display": "0"}, "missing_lines": [268], "excluded_lines": [], "start_line": 260}, "ForgeConfig._save_config": {"executed_lines": [], "summary": {"covered_lines": 0, "num_statements": 13, "percent_covered": 0.0, "percent_covered_display": "0", "missing_lines": 13, "excluded_lines": 0, "percent_statements_covered": 0.0, "percent_statements_covered_display": "0"}, "missing_lines": [304, 306, 308, 309, 310, 311, 312, 316, 317, 318, 321, 322, 323], "excluded_lines": [], "start_line": 297}, "ForgeConfig.ensure_directories": {"executed_lines": [334, 335, 336, 337, 338], "summary": {"covered_lines": 5, "num_statements": 5, "percent_covered": 100.0, "percent_covered_display": "100", "missing_lines": 0, "excluded_lines": 0, "percent_statements_covered": 100.0, "percent_statements_covered_display": "100"}, "missing_lines": [], "excluded_lines": [], "start_line": 332}, "ForgeConfig.get_memory_enabled": {"executed_lines": [], "summary": {"covered_lines": 0, "num_statements": 2, "percent_covered": 0.0, "percent_covered_display": "0", "missing_lines": 2, "excluded_lines": 0, "percent_statements_covered": 0.0, "percent_statements_covered_display": "0"}, "missing_lines": [346, 347], "excluded_lines": [], "start_line": 340}, "ForgeConfig.get_max_parallel_agents": {"executed_lines": [], "summary": {"covered_lines": 0, "num_statements": 2, "percent_covered": 0.0, "percent_covered_display": "0", "missing_lines": 2, "excluded_lines": 0, "percent_statements_covered": 0.0, "percent_statements_covered_display": "0"}, "missing_lines": [355, 356], "excluded_lines": [], "start_line": 349}, "ForgeConfig.is_feature_enabled": {"executed_lines": [], "summary": {"covered_lines": 0, "num_statements": 2, "percent_covered": 0.0, "percent_covered_display": "0", "missing_lines": 2, "excluded_lines": 0, "percent_statements_covered": 0.0, "percent_statements_covered_display": "0"}, "missing_lines": [367, 368], "excluded_lines": [], "start_line": 358}, "requires_complex_handling": {"executed_lines": [], "summary": {"covered_lines": 0, "num_statements": 4, "percent_covered": 0.0, "percent_covered_display": "0", "missing_lines": 4, "excluded_lines": 0, "percent_statements_covered": 0.0, "percent_statements_covered_display": "0"}, "missing_lines": [382, 384, 408, 409], "excluded_lines": [], "start_line": 371}, "get_forge_config": {"executed_lines": [], "summary": {"covered_lines": 0, "num_statements": 3, "percent_covered": 0.0, "percent_covered_display": "0", "missing_lines": 3, "excluded_lines": 0, "percent_statements_covered": 0.0, "percent_statements_covered_display": "0"}, "missing_lines": [426, 427, 428], "excluded_lines": [], "start_line": 416}, "": {"executed_lines": [12, 13, 14, 15, 16, 19, 20, 22, 26, 29, 39, 42, 43, 51, 79, 80, 90, 121, 136, 165, 192, 260, 297, 332, 340, 349, 358, 371, 413, 416], "summary": {"covered_lines": 30, "num_statements": 32, "percent_covered": 93.75, "percent_covered_display": "94", "missing_lines": 2, "excluded_lines": 0, "percent_statements_covered": 93.75, "percent_statements_covered_display": "94"}, "missing_lines": [23, 24], "excluded_lines": [], "start_line": 1}}, "classes": {"ForgeConfig": {"executed_lines": [57, 60, 61, 62, 65, 66, 67, 70, 71, 74, 77, 95, 96, 334, 335, 336, 337, 338], "summary": {"covered_lines": 18, "num_statements": 121, "percent_covered": 14.87603305785124, "percent_covered_display": "15", "missing_lines": 103, "excluded_lines": 0, "percent_statements_covered": 14.87603305785124, "percent_statements_covered_display": "15"}, "missing_lines": [45, 46, 47, 48, 49, 86, 87, 88, 98, 99, 103, 105, 106, 109, 112, 114, 116, 117, 130, 131, 134, 142, 143, 144, 145, 147, 148, 151, 152, 158, 160, 161, 163, 173, 176, 179, 180, 181, 184, 185, 186, 187, 190, 198, 206, 209, 211, 212, 214, 215, 217, 218, 221, 222, 223, 225, 226, 227, 228, 229, 230, 231, 232, 234, 235, 236, 237, 240, 241, 242, 243, 244, 245, 246, 247, 248, 251, 252, 253, 254, 255, 256, 258, 268, 304, 306, 308, 309, 310, 311, 312, 316, 317, 318, 321, 322, 323, 346, 347, 355, 356, 367, 368], "excluded_lines": [], "start_line": 29}, "": {"executed_lines": [12, 13, 14, 15, 16, 19, 20, 22, 26, 29, 39, 42, 43, 51, 79, 80, 90, 121, 136, 165, 192, 260, 297, 332, 340, 349, 358, 371, 413, 416], "summary": {"covered_lines": 30, "num_statements": 39, "percent_covered": 76.92307692307692, "percent_covered_display": "77", "missing_lines": 9, "excluded_lines": 0, "percent_statements_covered": 76.92307692307692, "percent_statements_covered_display": "77"}, "missing_lines": [23, 24, 382, 384, 408, 409, 426, 427, 428], "excluded_lines": [], "start_line": 1}}}, "forge/file_generator.py": {"executed_lines": [7, 8, 9, 10, 12, 13, 14, 17, 20, 21, 22, 23, 24, 27, 35, 36, 37, 38, 40, 48, 51, 54, 59, 61, 65, 67, 69, 81, 82, 83, 86, 87, 88, 91, 92, 93, 96, 97, 98, 101, 106, 107, 110, 115, 116, 118, 120, 122, 125, 126, 128, 129, 132, 133, 137, 138, 139, 140, 142, 148, 149, 150, 153, 155, 184, 191, 225, 227, 228, 230, 239, 240, 264, 265, 277, 278, 279, 280, 281, 283, 285, 287, 290, 291, 292, 293, 294, 297, 298, 299, 300, 301, 304, 305, 306, 307, 308, 310, 312, 314, 316, 382, 384, 386, 405, 406, 423, 424, 437, 439, 441, 453, 454, 456, 457, 459, 463, 465, 466, 467, 469, 471, 473, 475, 476, 478, 480], "summary": {"covered_lines": 127, "num_statements": 158, "percent_covered": 80.37974683544304, "percent_covered_display": "80", "missing_lines": 31, "excluded_lines": 16, "percent_statements_covered": 80.37974683544304, "percent_statements_covered_display": "80"}, "missing_lines": [62, 63, 134, 143, 151, 162, 164, 166, 169, 172, 174, 182, 187, 188, 189, 198, 200, 203, 206, 208, 209, 210, 213, 216, 217, 219, 220, 222, 223, 251, 252], "excluded_lines": [484, 485, 487, 488, 489, 491, 492, 494, 495, 497, 498, 500, 502, 503, 504, 505], "functions": {"FileGenerator.__init__": {"executed_lines": [22, 23, 24, 27, 35, 36, 37, 38], "summary": {"covered_lines": 8, "num_statements": 8, "percent_covered": 100.0, "percent_covered_display": "100", "missing_lines": 0, "excluded_lines": 0, "percent_statements_covered": 100.0, "percent_statements_covered_display": "100"}, "missing_lines": [], "excluded_lines": [], "start_line": 21}, "FileGenerator.generate_from_spec": {"executed_lines": [48, 51, 54, 59, 61, 65], "summary": {"covered_lines": 6, "num_statements": 8, "percent_covered": 75.0, "percent_covered_display": "75", "missing_lines": 2, "excluded_lines": 0, "percent_statements_covered": 75.0, "percent_statements_covered_display": "75"}, "missing_lines": [62, 63], "excluded_lines": [], "start_line": 40}, "FileGenerator._parse_spec": {"executed_lines": [69, 81, 82, 83, 86, 87, 88, 91, 92, 93, 96, 97, 98, 101, 106, 107, 110, 115, 116, 118], "summary": {"covered_lines": 20, "num_statements": 20, "percent_covered": 100.0, "percent_covered_display": "100", "missing_lines": 0, "excluded_lines": 0, "percent_statements_covered": 100.0, "percent_statements_covered_display": "100"}, "missing_lines": [], "excluded_lines": [], "start_line": 67}, "FileGenerator._select_templates": {"executed_lines": [122, 125, 126, 128, 129, 132, 133, 137, 138, 139, 140, 142, 148, 149, 150, 153], "summary": {"covered_lines": 16, "num_statements": 19, "percent_covered": 84.21052631578948, "percent_covered_display": "84", "missing_lines": 3, "excluded_lines": 0, "percent_statements_covered": 84.21052631578948, "percent_statements_covered_display": "84"}, "missing_lines": [134, 143, 151], "excluded_lines": [], "start_line": 120}, "FileGenerator._scan_template_dir": {"executed_lines": [], "summary": {"covered_lines": 0, "num_statements": 7, "percent_covered": 0.0, "percent_covered_display": "0", "missing_lines": 7, "excluded_lines": 0, "percent_statements_covered": 0.0, "percent_statements_covered_display": "0"}, "missing_lines": [162, 164, 166, 169, 172, 174, 182], "excluded_lines": [], "start_line": 155}, "FileGenerator._process_path_variables": {"executed_lines": [], "summary": {"covered_lines": 0, "num_statements": 3, "percent_covered": 0.0, "percent_covered_display": "0", "missing_lines": 3, "excluded_lines": 0, "percent_statements_covered": 0.0, "percent_statements_covered_display": "0"}, "missing_lines": [187, 188, 189], "excluded_lines": [], "start_line": 184}, "FileGenerator._generate_file": {"executed_lines": [], "summary": {"covered_lines": 0, "num_statements": 14, "percent_covered": 0.0, "percent_covered_display": "0", "missing_lines": 14, "excluded_lines": 0, "percent_statements_covered": 0.0, "percent_statements_covered_display": "0"}, "missing_lines": [198, 200, 203, 206, 208, 209, 210, 213, 216, 217, 219, 220, 222, 223], "excluded_lines": [], "start_line": 191}, "FileGenerator.create_directory_structure": {"executed_lines": [227, 228, 230, 239, 240, 264, 265, 277, 278, 279, 280, 281, 283], "summary": {"covered_lines": 13, "num_statements": 15, "percent_covered": 86.66666666666667, "percent_covered_display": "87", "missing_lines": 2, "excluded_lines": 0, "percent_statements_covered": 86.66666666666667, "percent_statements_covered_display": "87"}, "missing_lines": [251, 252], "excluded_lines": [], "start_line": 225}, "FileGenerator.generate_boilerplate": {"executed_lines": [287, 290, 291, 292, 293, 294, 297, 298, 299, 300, 301, 304, 305, 306, 307, 308, 310], "summary": {"covered_lines": 17, "num_statements": 17, "percent_covered": 100.0, "percent_covered_display": "100", "missing_lines": 0, "excluded_lines": 0, "percent_statements_covered": 100.0, "percent_statements_covered_display": "100"}, "missing_lines": [], "excluded_lines": [], "start_line": 285}, "FileGenerator._generate_readme": {"executed_lines": [314, 316], "summary": {"covered_lines": 2, "num_statements": 2, "percent_covered": 100.0, "percent_covered_display": "100", "missing_lines": 0, "excluded_lines": 0, "percent_statements_covered": 100.0, "percent_statements_covered_display": "100"}, "missing_lines": [], "excluded_lines": [], "start_line": 312}, "FileGenerator._generate_gitignore": {"executed_lines": [384, 386, 405, 406, 423, 424, 437], "summary": {"covered_lines": 7, "num_statements": 7, "percent_covered": 100.0, "percent_covered_display": "100", "missing_lines": 0, "excluded_lines": 0, "percent_statements_covered": 100.0, "percent_statements_covered_display": "100"}, "missing_lines": [], "excluded_lines": [], "start_line": 382}, "FileGenerator._generate_env_example": {"executed_lines": [441, 453, 454, 456, 457, 459], "summary": {"covered_lines": 6, "num_statements": 6, "percent_covered": 100.0, "percent_covered_display": "100", "missing_lines": 0, "excluded_lines": 0, "percent_statements_covered": 100.0, "percent_statements_covered_display": "100"}, "missing_lines": [], "excluded_lines": [], "start_line": 439}, "FileGenerator._snake_case": {"executed_lines": [465, 466, 467], "summary": {"covered_lines": 3, "num_statements": 3, "percent_covered": 100.0, "percent_covered_display": "100", "missing_lines": 0, "excluded_lines": 0, "percent_statements_covered": 100.0, "percent_statements_covered_display": "100"}, "missing_lines": [], "excluded_lines": [], "start_line": 463}, "FileGenerator._pascal_case": {"executed_lines": [471], "summary": {"covered_lines": 1, "num_statements": 1, "percent_covered": 100.0, "percent_covered_display": "100", "missing_lines": 0, "excluded_lines": 0, "percent_statements_covered": 100.0, "percent_statements_covered_display": "100"}, "missing_lines": [], "excluded_lines": [], "start_line": 469}, "FileGenerator._camel_case": {"executed_lines": [475, 476], "summary": {"covered_lines": 2, "num_statements": 2, "percent_covered": 100.0, "percent_covered_display": "100", "missing_lines": 0, "excluded_lines": 0, "percent_statements_covered": 100.0, "percent_statements_covered_display": "100"}, "missing_lines": [], "excluded_lines": [], "start_line": 473}, "FileGenerator._kebab_case": {"executed_lines": [480], "summary": {"covered_lines": 1, "num_statements": 1, "percent_covered": 100.0, "percent_covered_display": "100", "missing_lines": 0, "excluded_lines": 0, "percent_statements_covered": 100.0, "percent_statements_covered_display": "100"}, "missing_lines": [], "excluded_lines": [], "start_line": 478}, "": {"executed_lines": [7, 8, 9, 10, 12, 13, 14, 17, 20, 21, 40, 67, 120, 155, 184, 191, 225, 285, 312, 382, 439, 463, 469, 473, 478], "summary": {"covered_lines": 25, "num_statements": 25, "percent_covered": 100.0, "percent_covered_display": "100", "missing_lines": 0, "excluded_lines": 16, "percent_statements_covered": 100.0, "percent_statements_covered_display": "100"}, "missing_lines": [], "excluded_lines": [484, 485, 487, 488, 489, 491, 492, 494, 495, 497, 498, 500, 502, 503, 504, 505], "start_line": 1}}, "classes": {"FileGenerator": {"executed_lines": [22, 23, 24, 27, 35, 36, 37, 38, 48, 51, 54, 59, 61, 65, 69, 81, 82, 83, 86, 87, 88, 91, 92, 93, 96, 97, 98, 101, 106, 107, 110, 115, 116, 118, 122, 125, 126, 128, 129, 132, 133, 137, 138, 139, 140, 142, 148, 149, 150, 153, 227, 228, 230, 239, 240, 264, 265, 277, 278, 279, 280, 281, 283, 287, 290, 291, 292, 293, 294, 297, 298, 299, 300, 301, 304, 305, 306, 307, 308, 310, 314, 316, 384, 386, 405, 406, 423, 424, 437, 441, 453, 454, 456, 457, 459, 465, 466, 467, 471, 475, 476, 480], "summary": {"covered_lines": 102, "num_statements": 133, "percent_covered": 76.69172932330827, "percent_covered_display": "77", "missing_lines": 31, "excluded_lines": 0, "percent_statements_covered": 76.69172932330827, "percent_statements_covered_display": "77"}, "missing_lines": [62, 63, 134, 143, 151, 162, 164, 166, 169, 172, 174, 182, 187, 188, 189, 198, 200, 203, 206, 208, 209, 210, 213, 216, 217, 219, 220, 222, 223, 251, 252], "excluded_lines": [], "start_line": 20}, "": {"executed_lines": [7, 8, 9, 10, 12, 13, 14, 17, 20, 21, 40, 67, 120, 155, 184, 191, 225, 285, 312, 382, 439, 463, 469, 473, 478], "summary": {"covered_lines": 25, "num_statements": 25, "percent_covered": 100.0, "percent_covered_display": "100", "missing_lines": 0, "excluded_lines": 16, "percent_statements_covered": 100.0, "percent_statements_covered_display": "100"}, "missing_lines": [], "excluded_lines": [484, 485, 487, 488, 489, 491, 492, 494, 495, 497, 498, 500, 502, 503, 504, 505], "start_line": 1}}}, "forge/gap_analyzer.py": {"executed_lines": [7, 8, 9, 10, 11, 13, 14, 17, 20, 21, 22, 23, 24, 33, 35, 37, 43, 44, 45, 47, 48, 49, 51, 52, 53, 55, 56, 57, 59, 60, 61, 63, 64, 65, 67, 69, 71, 72, 75, 76, 77, 87, 88, 89, 99, 100, 101, 111, 112, 114, 115, 124, 127, 128, 138, 139, 140, 164, 165, 167, 168, 177, 179, 180, 181, 184, 195, 206, 219, 229, 231, 232, 235, 236, 247, 248, 250, 251, 261, 262, 264, 265, 275, 276, 286, 289, 290, 303, 304, 314, 325, 328, 329, 339, 340, 350, 351, 353, 354, 365, 374, 376, 385, 386, 387, 389, 390, 391, 392, 394, 404, 405, 406, 408, 409, 411, 414, 415, 416, 418, 419, 422, 424, 425, 430, 431, 432, 433, 434, 437, 440, 442, 443, 445, 446, 448, 450, 452, 453, 455, 456, 459, 460, 461, 463, 464, 465, 466, 467, 471, 472, 474, 476, 479, 486, 488, 489, 490, 491, 493, 495, 496, 497, 501, 503, 505, 507, 515, 517, 518], "summary": {"covered_lines": 170, "num_statements": 191, "percent_covered": 89.00523560209425, "percent_covered_display": "89", "missing_lines": 21, "excluded_lines": 16, "percent_statements_covered": 89.00523560209425, "percent_statements_covered_display": "89"}, "missing_lines": [150, 151, 153, 154, 185, 196, 209, 220, 237, 277, 293, 316, 407, 457, 468, 469, 498, 499, 519, 520, 522], "excluded_lines": [526, 527, 530, 531, 532, 533, 534, 536, 537, 540, 541, 543, 544, 546, 547, 550], "functions": {"GapAnalyzer.__init__": {"executed_lines": [22, 23, 24], "summary": {"covered_lines": 3, "num_statements": 3, "percent_covered": 100.0, "percent_covered_display": "100", "missing_lines": 0, "excluded_lines": 0, "percent_statements_covered": 100.0, "percent_statements_covered_display": "100"}, "missing_lines": [], "excluded_lines": [], "start_line": 21}, "GapAnalyzer.analyze": {"executed_lines": [35, 37, 43, 44, 45, 47, 48, 49, 51, 52, 53, 55, 56, 57, 59, 60, 61, 63, 64, 65, 67], "summary": {"covered_lines": 21, "num_statements": 21, "percent_covered": 100.0, "percent_covered_display": "100", "missing_lines": 0, "excluded_lines": 0, "percent_statements_covered": 100.0, "percent_statements_covered_display": "100"}, "missing_lines": [], "excluded_lines": [], "start_line": 33}, "GapAnalyzer._analyze_testing": {"executed_lines": [71, 72, 75, 76, 77, 87, 88, 89, 99, 100, 101, 111, 112, 114, 115], "summary": {"covered_lines": 15, "num_statements": 15, "percent_covered": 100.0, "percent_covered_display": "100", "missing_lines": 0, "excluded_lines": 0, "percent_statements_covered": 100.0, "percent_statements_covered_display": "100"}, "missing_lines": [], "excluded_lines": [], "start_line": 69}, "GapAnalyzer._analyze_documentation": {"executed_lines": [127, 128, 138, 139, 140, 164, 165, 167, 168], "summary": {"covered_lines": 9, "num_statements": 13, "percent_covered": 69.23076923076923, "percent_covered_display": "69", "missing_lines": 4, "excluded_lines": 0, "percent_statements_covered": 69.23076923076923, "percent_statements_covered_display": "69"}, "missing_lines": [150, 151, 153, 154], "excluded_lines": [], "start_line": 124}, "GapAnalyzer._analyze_security": {"executed_lines": [179, 180, 181, 184, 195, 206, 219], "summary": {"covered_lines": 7, "num_statements": 11, "percent_covered": 63.63636363636363, "percent_covered_display": "64", "missing_lines": 4, "excluded_lines": 0, "percent_statements_covered": 63.63636363636363, "percent_statements_covered_display": "64"}, "missing_lines": [185, 196, 209, 220], "excluded_lines": [], "start_line": 177}, "GapAnalyzer._analyze_code_quality": {"executed_lines": [231, 232, 235, 236, 247, 248, 250, 251, 261, 262, 264, 265, 275, 276], "summary": {"covered_lines": 14, "num_statements": 16, "percent_covered": 87.5, "percent_covered_display": "88", "missing_lines": 2, "excluded_lines": 0, "percent_statements_covered": 87.5, "percent_statements_covered_display": "88"}, "missing_lines": [237, 277], "excluded_lines": [], "start_line": 229}, "GapAnalyzer._analyze_performance": {"executed_lines": [289, 290, 303, 304, 314], "summary": {"covered_lines": 5, "num_statements": 7, "percent_covered": 71.42857142857143, "percent_covered_display": "71", "missing_lines": 2, "excluded_lines": 0, "percent_statements_covered": 71.42857142857143, "percent_statements_covered_display": "71"}, "missing_lines": [293, 316], "excluded_lines": [], "start_line": 286}, "GapAnalyzer._analyze_infrastructure": {"executed_lines": [328, 329, 339, 340, 350, 351, 353, 354, 365], "summary": {"covered_lines": 9, "num_statements": 9, "percent_covered": 100.0, "percent_covered_display": "100", "missing_lines": 0, "excluded_lines": 0, "percent_statements_covered": 100.0, "percent_statements_covered_display": "100"}, "missing_lines": [], "excluded_lines": [], "start_line": 325}, "GapAnalyzer._generate_report": {"executed_lines": [376, 385, 386, 387, 389, 390, 391, 392, 394, 404, 405, 406, 408, 409, 411, 414, 415, 416, 418, 419, 422, 424, 425, 430, 431, 432, 433, 434, 437, 440, 442, 443, 445, 446, 448], "summary": {"covered_lines": 35, "num_statements": 36, "percent_covered": 97.22222222222223, "percent_covered_display": "97", "missing_lines": 1, "excluded_lines": 0, "percent_statements_covered": 97.22222222222223, "percent_statements_covered_display": "97"}, "missing_lines": [407], "excluded_lines": [], "start_line": 374}, "GapAnalyzer._check_python_docstrings": {"executed_lines": [452, 453, 455, 456, 459, 460, 461, 463, 464, 465, 466, 467, 471, 472, 474], "summary": {"covered_lines": 15, "num_statements": 18, "percent_covered": 83.33333333333333, "percent_covered_display": "83", "missing_lines": 3, "excluded_lines": 0, "percent_statements_covered": 83.33333333333333, "percent_statements_covered_display": "83"}, "missing_lines": [457, 468, 469], "excluded_lines": [], "start_line": 450}, "GapAnalyzer._check_for_hardcoded_secrets": {"executed_lines": [479, 486, 488, 489, 490, 491, 493, 495, 496, 497, 501], "summary": {"covered_lines": 11, "num_statements": 13, "percent_covered": 84.61538461538461, "percent_covered_display": "85", "missing_lines": 2, "excluded_lines": 0, "percent_statements_covered": 84.61538461538461, "percent_statements_covered_display": "85"}, "missing_lines": [498, 499], "excluded_lines": [], "start_line": 476}, "GapAnalyzer._check_code_complexity": {"executed_lines": [505, 507, 515, 517, 518], "summary": {"covered_lines": 5, "num_statements": 8, "percent_covered": 62.5, "percent_covered_display": "62", "missing_lines": 3, "excluded_lines": 0, "percent_statements_covered": 62.5, "percent_statements_covered_display": "62"}, "missing_lines": [519, 520, 522], "excluded_lines": [], "start_line": 503}, "": {"executed_lines": [7, 8, 9, 10, 11, 13, 14, 17, 20, 21, 33, 69, 124, 177, 229, 286, 325, 374, 450, 476, 503], "summary": {"covered_lines": 21, "num_statements": 21, "percent_covered": 100.0, "percent_covered_display": "100", "missing_lines": 0, "excluded_lines": 16, "percent_statements_covered": 100.0, "percent_statements_covered_display": "100"}, "missing_lines": [], "excluded_lines": [526, 527, 530, 531, 532, 533, 534, 536, 537, 540, 541, 543, 544, 546, 547, 550], "start_line": 1}}, "classes": {"GapAnalyzer": {"executed_lines": [22, 23, 24, 35, 37, 43, 44, 45, 47, 48, 49, 51, 52, 53, 55, 56, 57, 59, 60, 61, 63, 64, 65, 67, 71, 72, 75, 76, 77, 87, 88, 89, 99, 100, 101, 111, 112, 114, 115, 127, 128, 138, 139, 140, 164, 165, 167, 168, 179, 180, 181, 184, 195, 206, 219, 231, 232, 235, 236, 247, 248, 250, 251, 261, 262, 264, 265, 275, 276, 289, 290, 303, 304, 314, 328, 329, 339, 340, 350, 351, 353, 354, 365, 376, 385, 386, 387, 389, 390, 391, 392, 394, 404, 405, 406, 408, 409, 411, 414, 415, 416, 418, 419, 422, 424, 425, 430, 431, 432, 433, 434, 437, 440, 442, 443, 445, 446, 448, 452, 453, 455, 456, 459, 460, 461, 463, 464, 465, 466, 467, 471, 472, 474, 479, 486, 488, 489, 490, 491, 493, 495, 496, 497, 501, 505, 507, 515, 517, 518], "summary": {"covered_lines": 149, "num_statements": 170, "percent_covered": 87.6470588235294, "percent_covered_display": "88", "missing_lines": 21, "excluded_lines": 0, "percent_statements_covered": 87.6470588235294, "percent_statements_covered_display": "88"}, "missing_lines": [150, 151, 153, 154, 185, 196, 209, 220, 237, 277, 293, 316, 407, 457, 468, 469, 498, 499, 519, 520, 522], "excluded_lines": [], "start_line": 20}, "": {"executed_lines": [7, 8, 9, 10, 11, 13, 14, 17, 20, 21, 33, 69, 124, 177, 229, 286, 325, 374, 450, 476, 503], "summary": {"covered_lines": 21, "num_statements": 21, "percent_covered": 100.0, "percent_covered_display": "100", "missing_lines": 0, "excluded_lines": 16, "percent_statements_covered": 100.0, "percent_statements_covered_display": "100"}, "missing_lines": [], "excluded_lines": [526, 527, 530, 531, 532, 533, 534, 536, 537, 540, 541, 543, 544, 546, 547, 550], "start_line": 1}}}, "forge/init_command.py": {"executed_lines": [8, 9, 10, 11, 13, 14, 15, 16, 18, 21, 24, 38, 46, 80, 139, 184, 238, 291, 311], "summary": {"covered_lines": 19, "num_statements": 124, "percent_covered": 15.32258064516129, "percent_covered_display": "15", "missing_lines": 105, "excluded_lines": 2, "percent_statements_covered": 15.32258064516129, "percent_statements_covered_display": "15"}, "missing_lines": [30, 31, 34, 35, 36, 44, 52, 53, 55, 64, 65, 66, 67, 68, 69, 70, 71, 72, 73, 74, 75, 76, 78, 90, 91, 94, 97, 100, 103, 104, 107, 110, 112, 114, 115, 116, 118, 119, 120, 122, 129, 130, 131, 133, 135, 136, 137, 145, 146, 148, 149, 152, 153, 176, 178, 180, 181, 182, 191, 196, 197, 198, 199, 200, 201, 202, 203, 204, 205, 206, 208, 209, 216, 232, 248, 249, 250, 256, 258, 259, 262, 265, 268, 271, 272, 274, 275, 278, 279, 281, 282, 285, 286, 288, 306, 307, 308, 313, 315, 318, 324, 329, 335, 337, 343], "excluded_lines": [346, 347], "functions": {"ForgeInitializer.__init__": {"executed_lines": [], "summary": {"covered_lines": 0, "num_statements": 5, "percent_covered": 0.0, "percent_covered_display": "0", "missing_lines": 5, "excluded_lines": 0, "percent_statements_covered": 0.0, "percent_statements_covered_display": "0"}, "missing_lines": [30, 31, 34, 35, 36], "excluded_lines": [], "start_line": 24}, "ForgeInitializer.check_existing": {"executed_lines": [], "summary": {"covered_lines": 0, "num_statements": 1, "percent_covered": 0.0, "percent_covered_display": "0", "missing_lines": 1, "excluded_lines": 0, "percent_statements_covered": 0.0, "percent_statements_covered_display": "0"}, "missing_lines": [44], "excluded_lines": [], "start_line": 38}, "ForgeInitializer.get_source_stats": {"executed_lines": [], "summary": {"covered_lines": 0, "num_statements": 17, "percent_covered": 0.0, "percent_covered_display": "0", "missing_lines": 17, "excluded_lines": 0, "percent_statements_covered": 0.0, "percent_statements_covered_display": "0"}, "missing_lines": [52, 53, 55, 64, 65, 66, 67, 68, 69, 70, 71, 72, 73, 74, 75, 76, 78], "excluded_lines": [], "start_line": 46}, "ForgeInitializer.copy_claude_directory": {"executed_lines": [], "summary": {"covered_lines": 0, "num_statements": 24, "percent_covered": 0.0, "percent_covered_display": "0", "missing_lines": 24, "excluded_lines": 0, "percent_statements_covered": 0.0, "percent_statements_covered_display": "0"}, "missing_lines": [90, 91, 94, 97, 100, 103, 104, 107, 110, 112, 114, 115, 116, 118, 119, 120, 122, 129, 130, 131, 133, 135, 136, 137], "excluded_lines": [], "start_line": 80}, "ForgeInitializer.create_forge_config": {"executed_lines": [], "summary": {"covered_lines": 0, "num_statements": 11, "percent_covered": 0.0, "percent_covered_display": "0", "missing_lines": 11, "excluded_lines": 0, "percent_statements_covered": 0.0, "percent_statements_covered_display": "0"}, "missing_lines": [145, 146, 148, 149, 152, 153, 176, 178, 180, 181, 182], "excluded_lines": [], "start_line": 139}, "ForgeInitializer.show_success_message": {"executed_lines": [], "summary": {"covered_lines": 0, "num_statements": 16, "percent_covered": 0.0, "percent_covered_display": "0", "missing_lines": 16, "excluded_lines": 0, "percent_statements_covered": 0.0, "percent_statements_covered_display": "0"}, "missing_lines": [191, 196, 197, 198, 199, 200, 201, 202, 203, 204, 205, 206, 208, 209, 216, 232], "excluded_lines": [], "start_line": 184}, "For
[...]
, 32, 34, 36, 45, 47, 49, 50, 52, 53, 54, 55, 56, 57, 59], "summary": {"covered_lines": 17, "num_statements": 17, "percent_covered": 100.0, "percent_covered_display": "100", "missing_lines": 0, "excluded_lines": 0, "percent_statements_covered": 100.0, "percent_statements_covered_display": "100"}, "missing_lines": [], "excluded_lines": [], "start_line": 26}, "MCPDetector._parse_detection_output": {"executed_lines": [63, 66, 68, 69, 70, 71, 72, 73, 77, 78, 79, 80, 81, 87, 88, 90], "summary": {"covered_lines": 16, "num_statements": 20, "percent_covered": 80.0, "percent_covered_display": "80", "missing_lines": 4, "excluded_lines": 0, "percent_statements_covered": 80.0, "percent_statements_covered_display": "80"}, "missing_lines": [74, 75, 83, 84], "excluded_lines": [], "start_line": 61}, "MCPDetector._extract_from_text": {"executed_lines": [94, 97, 98, 99, 102, 103, 106, 115], "summary": {"covered_lines": 8, "num_statements": 9, "percent_covered": 88.88888888888889, "percent_covered_display": "89", "missing_lines": 1, "excluded_lines": 0, "percent_statements_covered": 88.88888888888889, "percent_statements_covered_display": "89"}, "missing_lines": [107], "excluded_lines": [], "start_line": 92}, "MCPDetector._fallback_detection": {"executed_lines": [119, 122, 123, 124, 127, 130, 131, 132, 139, 145, 146, 147, 152, 153, 154, 161, 162, 173, 174, 175, 177, 182, 193, 194, 195, 196, 197, 198, 200], "summary": {"covered_lines": 29, "num_statements": 35, "percent_covered": 82.85714285714286, "percent_covered_display": "83", "missing_lines": 6, "excluded_lines": 0, "percent_statements_covered": 82.85714285714286, "percent_statements_covered_display": "83"}, "missing_lines": [140, 169, 170, 178, 183, 184], "excluded_lines": [], "start_line": 117}, "MCPDetector.configure": {"executed_lines": [204, 205, 207, 209, 210, 213, 215], "summary": {"covered_lines": 7, "num_statements": 7, "percent_covered": 100.0, "percent_covered_display": "100", "missing_lines": 0, "excluded_lines": 0, "percent_statements_covered": 100.0, "percent_statements_covered_display": "100"}, "missing_lines": [], "excluded_lines": [], "start_line": 202}, "MCPDetector._configure_server": {"executed_lines": [], "summary": {"covered_lines": 0, "num_statements": 15, "percent_covered": 0.0, "percent_covered_display": "0", "missing_lines": 15, "excluded_lines": 0, "percent_statements_covered": 0.0, "percent_statements_covered_display": "0"}, "missing_lines": [219, 220, 222, 224, 226, 227, 228, 231, 233, 235, 237, 238, 240, 242, 243], "excluded_lines": [], "start_line": 217}, "MCPDetector._get_server_config": {"executed_lines": [248, 250, 256, 283], "summary": {"covered_lines": 4, "num_statements": 7, "percent_covered": 57.142857142857146, "percent_covered_display": "57", "missing_lines": 3, "excluded_lines": 0, "percent_statements_covered": 57.142857142857146, "percent_statements_covered_display": "57"}, "missing_lines": [251, 252, 253], "excluded_lines": [], "start_line": 245}, "MCPDetector._update_state": {"executed_lines": [287, 290, 291, 293, 297, 299, 300, 310, 311], "summary": {"covered_lines": 9, "num_statements": 11, "percent_covered": 81.81818181818181, "percent_covered_display": "82", "missing_lines": 2, "excluded_lines": 0, "percent_statements_covered": 81.81818181818181, "percent_statements_covered_display": "82"}, "missing_lines": [288, 294], "excluded_lines": [], "start_line": 285}, "MCPDetector.display_recommendations": {"executed_lines": [315, 316, 317, 319, 321, 322, 323, 326, 327, 332, 333, 334, 336, 338], "summary": {"covered_lines": 14, "num_statements": 14, "percent_covered": 100.0, "percent_covered_display": "100", "missing_lines": 0, "excluded_lines": 0, "percent_statements_covered": 100.0, "percent_statements_covered_display": "100"}, "missing_lines": [], "excluded_lines": [], "start_line": 313}, "": {"executed_lines": [7, 8, 9, 10, 12, 13, 16, 19, 20, 26, 61, 92, 117, 202, 217, 245, 285, 313], "summary": {"covered_lines": 18, "num_statements": 18, "percent_covered": 100.0, "percent_covered_display": "100", "missing_lines": 0, "excluded_lines": 14, "percent_statements_covered": 100.0, "percent_statements_covered_display": "100"}, "missing_lines": [], "excluded_lines": [342, 343, 345, 347, 348, 349, 351, 352, 353, 354, 355, 356, 358, 359], "start_line": 1}}, "classes": {"MCPDetector": {"executed_lines": [21, 22, 23, 24, 28, 30, 31, 32, 34, 36, 45, 47, 49, 50, 52, 53, 54, 55, 56, 57, 59, 63, 66, 68, 69, 70, 71, 72, 73, 77, 78, 79, 80, 81, 87, 88, 90, 94, 97, 98, 99, 102, 103, 106, 115, 119, 122, 123, 124, 127, 130, 131, 132, 139, 145, 146, 147, 152, 153, 154, 161, 162, 173, 174, 175, 177, 182, 193, 194, 195, 196, 197, 198, 200, 204, 205, 207, 209, 210, 213, 215, 248, 250, 256, 283, 287, 290, 291, 293, 297, 299, 300, 310, 311, 315, 316, 317, 319, 321, 322, 323, 326, 327, 332, 333, 334, 336, 338], "summary": {"covered_lines": 108, "num_statements": 139, "percent_covered": 77.6978417266187, "percent_covered_display": "78", "missing_lines": 31, "excluded_lines": 0, "percent_statements_covered": 77.6978417266187, "percent_statements_covered_display": "78"}, "missing_lines": [74, 75, 83, 84, 107, 140, 169, 170, 178, 183, 184, 219, 220, 222, 224, 226, 227, 228, 231, 233, 235, 237, 238, 240, 242, 243, 251, 252, 253, 288, 294], "excluded_lines": [], "start_line": 19}, "": {"executed_lines": [7, 8, 9, 10, 12, 13, 16, 19, 20, 26, 61, 92, 117, 202, 217, 245, 285, 313], "summary": {"covered_lines": 18, "num_statements": 18, "percent_covered": 100.0, "percent_covered_display": "100", "missing_lines": 0, "excluded_lines": 14, "percent_statements_covered": 100.0, "percent_statements_covered_display": "100"}, "missing_lines": [], "excluded_lines": [342, 343, 345, 347, 348, 349, 351, 352, 353, 354, 355, 356, 358, 359], "start_line": 1}}}, "forge/spec_generator.py": {"executed_lines": [7, 8, 9, 10, 12, 13, 14, 15, 18, 21, 36, 37, 38, 39, 41, 199, 201, 203, 236, 237, 246, 281, 282, 294, 295, 305, 306, 318, 410, 412, 414, 416, 424, 425, 426, 428, 430, 432, 439, 441, 443, 446, 447, 449, 464, 466, 468, 474, 476, 478, 479, 481, 483, 484, 486, 487, 491, 493, 494, 501, 503, 505, 506, 508, 509, 510], "summary": {"covered_lines": 66, "num_statements": 100, "percent_covered": 66.0, "percent_covered_display": "66", "missing_lines": 34, "excluded_lines": 10, "percent_statements_covered": 66.0, "percent_statements_covered_display": "66"}, "missing_lines": [43, 54, 56, 62, 79, 85, 87, 93, 94, 95, 101, 107, 114, 115, 117, 123, 124, 131, 133, 139, 146, 148, 154, 160, 166, 173, 175, 181, 187, 194, 197, 444, 485, 489], "excluded_lines": [514, 515, 517, 519, 520, 521, 522, 523, 524, 527], "functions": {"SpecGenerator.__init__": {"executed_lines": [38, 39], "summary": {"covered_lines": 2, "num_statements": 2, "percent_covered": 100.0, "percent_covered_display": "100", "missing_lines": 0, "excluded_lines": 0, "percent_statements_covered": 100.0, "percent_statements_covered_display": "100"}, "missing_lines": [], "excluded_lines": [], "start_line": 37}, "SpecGenerator.interactive_mode": {"executed_lines": [], "summary": {"covered_lines": 0, "num_statements": 31, "percent_covered": 0.0, "percent_covered_display": "0", "missing_lines": 31, "excluded_lines": 0, "percent_statements_covered": 0.0, "percent_statements_covered_display": "0"}, "missing_lines": [43, 54, 56, 62, 79, 85, 87, 93, 94, 95, 101, 107, 114, 115, 117, 123, 124, 131, 133, 139, 146, 148, 154, 160, 166, 173, 175, 181, 187, 194, 197], "excluded_lines": [], "start_line": 41}, "SpecGenerator.from_answers": {"executed_lines": [201, 203, 236, 237, 246, 281, 282, 294, 295, 305, 306, 318, 410], "summary": {"covered_lines": 13, "num_statements": 13, "percent_covered": 100.0, "percent_covered_display": "100", "missing_lines": 0, "excluded_lines": 0, "percent_statements_covered": 100.0, "percent_statements_covered_display": "100"}, "missing_lines": [], "excluded_lines": [], "start_line": 199}, "SpecGenerator.validate_spec": {"executed_lines": [414, 416, 424, 425, 426, 428], "summary": {"covered_lines": 6, "num_statements": 6, "percent_covered": 100.0, "percent_covered_display": "100", "missing_lines": 0, "excluded_lines": 0, "percent_statements_covered": 100.0, "percent_statements_covered_display": "100"}, "missing_lines": [], "excluded_lines": [], "start_line": 412}, "SpecGenerator._get_framework_choices": {"executed_lines": [432, 439], "summary": {"covered_lines": 2, "num_statements": 2, "percent_covered": 100.0, "percent_covered_display": "100", "missing_lines": 0, "excluded_lines": 0, "percent_statements_covered": 100.0, "percent_statements_covered_display": "100"}, "missing_lines": [], "excluded_lines": [], "start_line": 430}, "SpecGenerator._get_orm": {"executed_lines": [443, 446, 447, 449, 464], "summary": {"covered_lines": 5, "num_statements": 6, "percent_covered": 83.33333333333333, "percent_covered_display": "83", "missing_lines": 1, "excluded_lines": 0, "percent_statements_covered": 83.33333333333333, "percent_statements_covered_display": "83"}, "missing_lines": [444], "excluded_lines": [], "start_line": 441}, "SpecGenerator._get_state_management": {"executed_lines": [468, 474], "summary": {"covered_lines": 2, "num_statements": 2, "percent_covered": 100.0, "percent_covered_display": "100", "missing_lines": 0, "excluded_lines": 0, "percent_statements_covered": 100.0, "percent_statements_covered_display": "100"}, "missing_lines": [], "excluded_lines": [], "start_line": 466}, "SpecGenerator._get_build_tool": {"executed_lines": [478, 479], "summary": {"covered_lines": 2, "num_statements": 2, "percent_covered": 100.0, "percent_covered_display": "100", "missing_lines": 0, "excluded_lines": 0, "percent_statements_covered": 100.0, "percent_statements_covered_display": "100"}, "missing_lines": [], "excluded_lines": [], "start_line": 476}, "SpecGenerator._get_orchestration": {"executed_lines": [483, 484, 486, 487], "summary": {"covered_lines": 4, "num_statements": 6, "percent_covered": 66.66666666666667, "percent_covered_display": "67", "missing_lines": 2, "excluded_lines": 0, "percent_statements_covered": 66.66666666666667, "percent_statements_covered_display": "67"}, "missing_lines": [485, 489], "excluded_lines": [], "start_line": 481}, "SpecGenerator._get_naming_convention": {"executed_lines": [493, 494, 501], "summary": {"covered_lines": 3, "num_statements": 3, "percent_covered": 100.0, "percent_covered_display": "100", "missing_lines": 0, "excluded_lines": 0, "percent_statements_covered": 100.0, "percent_statements_covered_display": "100"}, "missing_lines": [], "excluded_lines": [], "start_line": 491}, "SpecGenerator._save_answers": {"executed_lines": [505, 506, 508, 509, 510], "summary": {"covered_lines": 5, "num_statements": 5, "percent_covered": 100.0, "percent_covered_display": "100", "missing_lines": 0, "excluded_lines": 0, "percent_statements_covered": 100.0, "percent_statements_covered_display": "100"}, "missing_lines": [], "excluded_lines": [], "start_line": 503}, "": {"executed_lines": [7, 8, 9, 10, 12, 13, 14, 15, 18, 21, 36, 37, 41, 199, 412, 430, 441, 466, 476, 481, 491, 503], "summary": {"covered_lines": 22, "num_statements": 22, "percent_covered": 100.0, "percent_covered_display": "100", "missing_lines": 0, "excluded_lines": 10, "percent_statements_covered": 100.0, "percent_statements_covered_display": "100"}, "missing_lines": [], "excluded_lines": [514, 515, 517, 519, 520, 521, 522, 523, 524, 527], "start_line": 1}}, "classes": {"SpecGenerator": {"executed_lines": [38, 39, 201, 203, 236, 237, 246, 281, 282, 294, 295, 305, 306, 318, 410, 414, 416, 424, 425, 426, 428, 432, 439, 443, 446, 447, 449, 464, 468, 474, 478, 479, 483, 484, 486, 487, 493, 494, 501, 505, 506, 508, 509, 510], "summary": {"covered_lines": 44, "num_statements": 78, "percent_covered": 56.41025641025641, "percent_covered_display": "56", "missing_lines": 34, "excluded_lines": 0, "percent_statements_covered": 56.41025641025641, "percent_statements_covered_display": "56"}, "missing_lines": [43, 54, 56, 62, 79, 85, 87, 93, 94, 95, 101, 107, 114, 115, 117, 123, 124, 131, 133, 139, 146, 148, 154, 160, 166, 173, 175, 181, 187, 194, 197, 444, 485, 489], "excluded_lines": [], "start_line": 36}, "": {"executed_lines": [7, 8, 9, 10, 12, 13, 14, 15, 18, 21, 36, 37, 41, 199, 412, 430, 441, 466, 476, 481, 491, 503], "summary": {"covered_lines": 22, "num_statements": 22, "percent_covered": 100.0, "percent_covered_display": "100", "missing_lines": 0, "excluded_lines": 10, "percent_statements_covered": 100.0, "percent_statements_covered_display": "100"}, "missing_lines": [], "excluded_lines": [514, 515, 517, 519, 520, 521, 522, 523, 524, 527], "start_line": 1}}}, "forge/state_manager.py": {"executed_lines": [12, 13, 14, 15, 16, 17, 19, 22, 23, 24, 27, 28, 31, 32, 34, 36, 38, 39, 41, 42, 43, 45, 47, 49, 50, 53, 55, 57, 110, 112, 113, 116, 117, 118, 127, 128, 130, 132, 140, 141, 144, 154, 157, 158, 160, 162, 164, 166, 168, 170, 172, 175, 176, 179, 180, 182, 183, 184, 186, 198, 201, 202, 203, 204, 205, 206, 207, 211, 213, 216, 217, 218, 219, 220, 222, 226, 227, 229, 231, 238, 240, 242, 244, 245, 248, 249, 250, 253, 255, 266, 268, 269], "summary": {"covered_lines": 92, "num_statements": 101, "percent_covered": 91.08910891089108, "percent_covered_display": "91", "missing_lines": 9, "excluded_lines": 25, "percent_statements_covered": 91.08910891089108, "percent_statements_covered_display": "91"}, "missing_lines": [159, 173, 187, 190, 191, 192, 209, 223, 270], "excluded_lines": [274, 275, 277, 278, 279, 281, 282, 284, 285, 286, 287, 289, 290, 291, 293, 294, 295, 296, 297, 298, 300, 301, 303, 304, 305], "functions": {"StateManager.__init__": {"executed_lines": [24, 27, 28, 31, 32, 34], "summary": {"covered_lines": 6, "num_statements": 6, "percent_covered": 100.0, "percent_covered_display": "100", "missing_lines": 0, "excluded_lines": 0, "percent_statements_covered": 100.0, "percent_statements_covered_display": "100"}, "missing_lines": [], "excluded_lines": [], "start_line": 23}, "StateManager.load": {"executed_lines": [38, 39, 41, 42, 43], "summary": {"covered_lines": 5, "num_statements": 5, "percent_covered": 100.0, "percent_covered_display": "100", "missing_lines": 0, "excluded_lines": 0, "percent_statements_covered": 100.0, "percent_statements_covered_display": "100"}, "missing_lines": [], "excluded_lines": [], "start_line": 36}, "StateManager.save": {"executed_lines": [47, 49, 50, 53], "summary": {"covered_lines": 4, "num_statements": 4, "percent_covered": 100.0, "percent_covered_display": "100", "missing_lines": 0, "excluded_lines": 0, "percent_statements_covered": 100.0, "percent_statements_covered_display": "100"}, "missing_lines": [], "excluded_lines": [], "start_line": 45}, "StateManager.create_initial_state": {"executed_lines": [57], "summary": {"covered_lines": 1, "num_statements": 1, "percent_covered": 100.0, "percent_covered_display": "100", "missing_lines": 0, "excluded_lines": 0, "percent_statements_covered": 100.0, "percent_statements_covered_display": "100"}, "missing_lines": [], "excluded_lines": [], "start_line": 55}, "StateManager.checkpoint": {"executed_lines": [112, 113, 116, 117, 118, 127, 128, 130, 132, 140, 141, 144, 154, 157, 158, 160, 162], "summary": {"covered_lines": 17, "num_statements": 18, "percent_covered": 94.44444444444444, "percent_covered_display": "94", "missing_lines": 1, "excluded_lines": 0, "percent_statements_covered": 94.44444444444444, "percent_statements_covered_display": "94"}, "missing_lines": [159], "excluded_lines": [], "start_line": 110}, "StateManager.restore": {"executed_lines": [166, 168, 170, 172, 175, 176, 179, 180, 182, 183, 184, 186], "summary": {"covered_lines": 12, "num_statements": 17, "percent_covered": 70.58823529411765, "percent_covered_display": "71", "missing_lines": 5, "excluded_lines": 0, "percent_statements_covered": 70.58823529411765, "percent_statements_covered_display": "71"}, "missing_lines": [173, 187, 190, 191, 192], "excluded_lines": [], "start_line": 164}, "StateManager.update_feature": {"executed_lines": [201, 202, 203, 204, 205, 206, 207], "summary": {"covered_lines": 7, "num_statements": 8, "percent_covered": 87.5, "percent_covered_display": "88", "missing_lines": 1, "excluded_lines": 0, "percent_statements_covered": 87.5, "percent_statements_covered_display": "88"}, "missing_lines": [209], "excluded_lines": [], "start_line": 198}, "StateManager.move_feature": {"executed_lines": [213, 216, 217, 218, 219, 220, 222, 226, 227], "summary": {"covered_lines": 9, "num_statements": 10, "percent_covered": 90.0, "percent_covered_display": "90", "missing_lines": 1, "excluded_lines": 0, "percent_statements_covered": 90.0, "percent_statements_covered_display": "90"}, "missing_lines": [223], "excluded_lines": [], "start_line": 211}, "StateManager.record_session": {"executed_lines": [231, 238], "summary": {"covered_lines": 2, "num_statements": 2, "percent_covered": 100.0, "percent_covered_display": "100", "missing_lines": 0, "excluded_lines": 0, "percent_statements_covered": 100.0, "percent_statements_covered_display": "100"}, "missing_lines": [], "excluded_lines": [], "start_line": 229}, "StateManager.get_recovery_info": {"executed_lines": [242, 244, 245, 248, 249, 250, 253, 255], "summary": {"covered_lines": 8, "num_statements": 8, "percent_covered": 100.0, "percent_covered_display": "100", "missing_lines": 0, "excluded_lines": 0, "percent_statements_covered": 100.0, "percent_statements_covered_display": "100"}, "missing_lines": [], "excluded_lines": [], "start_line": 240}, "StateManager.run_hook": {"executed_lines": [268, 269], "summary": {"covered_lines": 2, "num_statements": 3, "percent_covered": 66.66666666666667, "percent_covered_display": "67", "missing_lines": 1, "excluded_lines": 0, "percent_statements_covered": 66.66666666666667, "percent_statements_covered_display": "67"}, "missing_lines": [270], "excluded_lines": [], "start_line": 266}, "": {"executed_lines": [12, 13, 14, 15, 16, 17, 19, 22, 23, 36, 45, 55, 110, 164, 198, 211, 229, 240, 266], "summary": {"covered_lines": 19, "num_statements": 19, "percent_covered": 100.0, "percent_covered_display": "100", "missing_lines": 0, "excluded_lines": 25, "percent_statements_covered": 100.0, "percent_statements_covered_display": "100"}, "missing_lines": [], "excluded_lines": [274, 275, 277, 278, 279, 281, 282, 284, 285, 286, 287, 289, 290, 291, 293, 294, 295, 296, 297, 298, 300, 301, 303, 304, 305], "start_line": 1}}, "classes": {"StateManager": {"executed_lines": [24, 27, 28, 31, 32, 34, 38, 39, 41, 42, 43, 47, 49, 50, 53, 57, 112, 113, 116, 117, 118, 127, 128, 130, 132, 140, 141, 144, 154, 157, 158, 160, 162, 166, 168, 170, 172, 175, 176, 179, 180, 182, 183, 184, 186, 201, 202, 203, 204, 205, 206, 207, 213, 216, 217, 218, 219, 220, 222, 226, 227, 231, 238, 242, 244, 245, 248, 249, 250, 253, 255, 268, 269], "summary": {"covered_lines": 73, "num_statements": 82, "percent_covered": 89.02439024390245, "percent_covered_display": "89", "missing_lines": 9, "excluded_lines": 0, "percent_statements_covered": 89.02439024390245, "percent_statements_covered_display": "89"}, "missing_lines": [159, 173, 187, 190, 191, 192, 209, 223, 270], "excluded_lines": [], "start_line": 22}, "": {"executed_lines": [12, 13, 14, 15, 16, 17, 19, 22, 23, 36, 45, 55, 110, 164, 198, 211, 229, 240, 266], "summary": {"covered_lines": 19, "num_statements": 19, "percent_covered": 100.0, "percent_covered_display": "100", "missing_lines": 0, "excluded_lines": 25, "percent_statements_covered": 100.0, "percent_statements_covered_display": "100"}, "missing_lines": [], "excluded_lines": [274, 275, 277, 278, 279, 281, 282, 284, 285, 286, 287, 289, 290, 291, 293, 294, 295, 296, 297, 298, 300, 301, 303, 304, 305], "start_line": 1}}}}, "totals": {"covered_lines": 1461, "num_statements": 2024, "percent_covered": 72.18379446640316, "percent_covered_display": "72", "missing_lines": 563, "excluded_lines": 85, "percent_statements_covered": 72.18379446640316, "percent_statements_covered_display": "72"}}
